This is pdfTeX, Version 3.14159265-2.6-1.40.20 (TeX Live 2019/W32TeX) (preloaded format=pdflatex 2019.11.12)  27 JUN 2021 15:10
entering extended mode
 restricted \write18 enabled.
 %&-line parsing enabled.
**GraphSO.tex
(./GraphSO.tex
LaTeX2e <2018-12-01>
(./IEEEtran.cls
Document Class: IEEEtran 2015/08/26 V1.8b by Michael Shell
-- See the "IEEEtran_HOWTO" manual for usage information.
-- http://www.michaelshell.org/tex/ieeetran/
\@IEEEtrantmpdimenA=\dimen102
\@IEEEtrantmpdimenB=\dimen103
\@IEEEtrantmpdimenC=\dimen104
\@IEEEtrantmpcountA=\count80
\@IEEEtrantmpcountB=\count81
\@IEEEtrantmpcountC=\count82
\@IEEEtrantmptoksA=\toks14
LaTeX Font Info:    Try loading font information for OT1+ppl on input line 503.

(d:/TexLive/texlive/2019/texmf-dist/tex/latex/psnfss/ot1ppl.fd
File: ot1ppl.fd 2001/06/04 font definitions for OT1/ppl.
)
-- Using IEEE Computer Society mode.
-- Using 8.5in x 11in (letter) paper.
-- Using PDF output.
\@IEEEnormalsizeunitybaselineskip=\dimen105
-- This is a 10 point document.
\CLASSINFOnormalsizebaselineskip=\dimen106
\CLASSINFOnormalsizeunitybaselineskip=\dimen107
\IEEEnormaljot=\dimen108
LaTeX Font Info:    Font shape `OT1/ppl/bx/n' in size <5.01874> not available
(Font)              Font shape `OT1/ppl/b/n' tried instead on input line 1090.
LaTeX Font Info:    Font shape `OT1/ppl/bx/it' in size <5.01874> not available
(Font)              Font shape `OT1/ppl/b/it' tried instead on input line 1090.

LaTeX Font Info:    Font shape `OT1/ppl/bx/n' in size <7.02625> not available
(Font)              Font shape `OT1/ppl/b/n' tried instead on input line 1090.
LaTeX Font Info:    Font shape `OT1/ppl/bx/it' in size <7.02625> not available
(Font)              Font shape `OT1/ppl/b/it' tried instead on input line 1090.

LaTeX Font Info:    Font shape `OT1/ppl/bx/n' in size <8.03> not available
(Font)              Font shape `OT1/ppl/b/n' tried instead on input line 1090.
LaTeX Font Info:    Font shape `OT1/ppl/bx/it' in size <8.03> not available
(Font)              Font shape `OT1/ppl/b/it' tried instead on input line 1090.

LaTeX Font Info:    Font shape `OT1/ppl/bx/n' in size <9.03374> not available
(Font)              Font shape `OT1/ppl/b/n' tried instead on input line 1090.
LaTeX Font Info:    Font shape `OT1/ppl/bx/it' in size <9.03374> not available
(Font)              Font shape `OT1/ppl/b/it' tried instead on input line 1090.

LaTeX Font Info:    Font shape `OT1/ppl/bx/n' in size <9.53561> not available
(Font)              Font shape `OT1/ppl/b/n' tried instead on input line 1090.
LaTeX Font Info:    Font shape `OT1/ppl/bx/it' in size <9.53561> not available
(Font)              Font shape `OT1/ppl/b/it' tried instead on input line 1090.

LaTeX Font Info:    Font shape `OT1/ppl/bx/n' in size <11.04124> not available
(Font)              Font shape `OT1/ppl/b/n' tried instead on input line 1090.
LaTeX Font Info:    Font shape `OT1/ppl/bx/it' in size <11.04124> not available

(Font)              Font shape `OT1/ppl/b/it' tried instead on input line 1090.

LaTeX Font Info:    Font shape `OT1/ppl/bx/n' in size <12.045> not available
(Font)              Font shape `OT1/ppl/b/n' tried instead on input line 1090.
LaTeX Font Info:    Font shape `OT1/ppl/bx/it' in size <12.045> not available
(Font)              Font shape `OT1/ppl/b/it' tried instead on input line 1090.

LaTeX Font Info:    Font shape `OT1/ppl/bx/n' in size <17.06374> not available
(Font)              Font shape `OT1/ppl/b/n' tried instead on input line 1090.
LaTeX Font Info:    Font shape `OT1/ppl/bx/it' in size <17.06374> not available

(Font)              Font shape `OT1/ppl/b/it' tried instead on input line 1090.

LaTeX Font Info:    Font shape `OT1/ppl/bx/n' in size <20.075> not available
(Font)              Font shape `OT1/ppl/b/n' tried instead on input line 1090.
LaTeX Font Info:    Font shape `OT1/ppl/bx/it' in size <20.075> not available
(Font)              Font shape `OT1/ppl/b/it' tried instead on input line 1090.

LaTeX Font Info:    Font shape `OT1/ppl/bx/n' in size <24.09> not available
(Font)              Font shape `OT1/ppl/b/n' tried instead on input line 1090.
LaTeX Font Info:    Font shape `OT1/ppl/bx/it' in size <24.09> not available
(Font)              Font shape `OT1/ppl/b/it' tried instead on input line 1090.

\IEEEquantizedlength=\dimen109
\IEEEquantizedlengthdiff=\dimen110
\IEEEquantizedtextheightdiff=\dimen111
\IEEEilabelindentA=\dimen112
\IEEEilabelindentB=\dimen113
\IEEEilabelindent=\dimen114
\IEEEelabelindent=\dimen115
\IEEEdlabelindent=\dimen116
\IEEElabelindent=\dimen117
\IEEEiednormlabelsep=\dimen118
\IEEEiedmathlabelsep=\dimen119
\IEEEiedtopsep=\skip41
\c@section=\count83
\c@subsection=\count84
\c@subsubsection=\count85
\c@paragraph=\count86
\c@IEEEsubequation=\count87
\abovecaptionskip=\skip42
\belowcaptionskip=\skip43
\c@figure=\count88
\c@table=\count89
\@IEEEeqnnumcols=\count90
\@IEEEeqncolcnt=\count91
\@IEEEsubeqnnumrollback=\count92
\@IEEEquantizeheightA=\dimen120
\@IEEEquantizeheightB=\dimen121
\@IEEEquantizeheightC=\dimen122
\@IEEEquantizeprevdepth=\dimen123
\@IEEEquantizemultiple=\count93
\@IEEEquantizeboxA=\box27
\@IEEEtmpitemindent=\dimen124
\IEEEPARstartletwidth=\dimen125
\c@IEEEbiography=\count94
\@IEEEtranrubishbin=\box28
) (d:/TexLive/texlive/2019/texmf-dist/tex/latex/cite/cite.sty
LaTeX Info: Redefining \cite on input line 302.
LaTeX Info: Redefining \nocite on input line 332.
Package: cite 2015/02/27  v 5.5
)
(d:/TexLive/texlive/2019/texmf-dist/tex/latex/graphics/graphicx.sty
Package: graphicx 2017/06/01 v1.1a Enhanced LaTeX Graphics (DPC,SPQR)

(d:/TexLive/texlive/2019/texmf-dist/tex/latex/graphics/keyval.sty
Package: keyval 2014/10/28 v1.15 key=value parser (DPC)
\KV@toks@=\toks15
)
(d:/TexLive/texlive/2019/texmf-dist/tex/latex/graphics/graphics.sty
Package: graphics 2017/06/25 v1.2c Standard LaTeX Graphics (DPC,SPQR)

(d:/TexLive/texlive/2019/texmf-dist/tex/latex/graphics/trig.sty
Package: trig 2016/01/03 v1.10 sin cos tan (DPC)
)
(d:/TexLive/texlive/2019/texmf-dist/tex/latex/graphics-cfg/graphics.cfg
File: graphics.cfg 2016/06/04 v1.11 sample graphics configuration
)
Package graphics Info: Driver file: pdftex.def on input line 99.

(d:/TexLive/texlive/2019/texmf-dist/tex/latex/graphics-def/pdftex.def
File: pdftex.def 2018/01/08 v1.0l Graphics/color driver for pdftex
))
\Gin@req@height=\dimen126
\Gin@req@width=\dimen127
)
(d:/TexLive/texlive/2019/texmf-dist/tex/latex/booktabs/booktabs.sty
Package: booktabs 2016/04/27 v1.618033 publication quality tables
\heavyrulewidth=\dimen128
\lightrulewidth=\dimen129
\cmidrulewidth=\dimen130
\belowrulesep=\dimen131
\belowbottomsep=\dimen132
\aboverulesep=\dimen133
\abovetopsep=\dimen134
\cmidrulesep=\dimen135
\cmidrulekern=\dimen136
\defaultaddspace=\dimen137
\@cmidla=\count95
\@cmidlb=\count96
\@aboverulesep=\dimen138
\@belowrulesep=\dimen139
\@thisruleclass=\count97
\@lastruleclass=\count98
\@thisrulewidth=\dimen140
)
(d:/TexLive/texlive/2019/texmf-dist/tex/latex/algorithms/algorithm.sty
Package: algorithm 2009/08/24 v0.1 Document Style `algorithm' - floating enviro
nment

(d:/TexLive/texlive/2019/texmf-dist/tex/latex/float/float.sty
Package: float 2001/11/08 v1.3d Float enhancements (AL)
\c@float@type=\count99
\float@exts=\toks16
\float@box=\box29
\@float@everytoks=\toks17
\@floatcapt=\box30
)
(d:/TexLive/texlive/2019/texmf-dist/tex/latex/base/ifthen.sty
Package: ifthen 2014/09/29 v1.1c Standard LaTeX ifthen package (DPC)
)
\@float@every@algorithm=\toks18
\c@algorithm=\count100
)
(d:/TexLive/texlive/2019/texmf-dist/tex/latex/algorithmicx/algorithmicx.sty
Package: algorithmicx 2005/04/27 v1.2 Algorithmicx

Document Style algorithmicx 1.2 - a greatly improved `algorithmic' style
\c@ALG@line=\count101
\c@ALG@rem=\count102
\c@ALG@nested=\count103
\ALG@tlm=\skip44
\ALG@thistlm=\skip45
\c@ALG@Lnr=\count104
\c@ALG@blocknr=\count105
\c@ALG@storecount=\count106
\c@ALG@tmpcounter=\count107
\ALG@tmplength=\skip46
) (d:/TexLive/texlive/2019/texmf-dist/tex/latex/algorithmicx/algpseudocode.sty
Package: algpseudocode 

Document Style - pseudocode environments for use with the `algorithmicx' style
) (d:/TexLive/texlive/2019/texmf-dist/tex/latex/listings/listings.sty
\lst@mode=\count108
\lst@gtempboxa=\box31
\lst@token=\toks19
\lst@length=\count109
\lst@currlwidth=\dimen141
\lst@column=\count110
\lst@pos=\count111
\lst@lostspace=\dimen142
\lst@width=\dimen143
\lst@newlines=\count112
\lst@lineno=\count113
\lst@maxwidth=\dimen144

(d:/TexLive/texlive/2019/texmf-dist/tex/latex/listings/lstmisc.sty
File: lstmisc.sty 2019/02/27 1.8b (Carsten Heinz)
\c@lstnumber=\count114
\lst@skipnumbers=\count115
\lst@framebox=\box32
)
(d:/TexLive/texlive/2019/texmf-dist/tex/latex/listings/listings.cfg
File: listings.cfg 2019/02/27 1.8b listings configuration
))
Package: listings 2019/02/27 1.8b (Carsten Heinz)

(d:/TexLive/texlive/2019/texmf-dist/tex/latex/xcolor/xcolor.sty
Package: xcolor 2016/05/11 v2.12 LaTeX color extensions (UK)

(d:/TexLive/texlive/2019/texmf-dist/tex/latex/graphics-cfg/color.cfg
File: color.cfg 2016/01/02 v1.6 sample color configuration
)
Package xcolor Info: Driver file: pdftex.def on input line 225.
Package xcolor Info: Model `cmy' substituted by `cmy0' on input line 1348.
Package xcolor Info: Model `hsb' substituted by `rgb' on input line 1352.
Package xcolor Info: Model `RGB' extended on input line 1364.
Package xcolor Info: Model `HTML' substituted by `rgb' on input line 1366.
Package xcolor Info: Model `Hsb' substituted by `hsb' on input line 1367.
Package xcolor Info: Model `tHsb' substituted by `hsb' on input line 1368.
Package xcolor Info: Model `HSB' substituted by `hsb' on input line 1369.
Package xcolor Info: Model `Gray' substituted by `gray' on input line 1370.
Package xcolor Info: Model `wave' substituted by `hsb' on input line 1371.
)
(d:/TexLive/texlive/2019/texmf-dist/tex/latex/setspace/setspace.sty
Package: setspace 2011/12/19 v6.7a set line spacing
)
(d:/TexLive/texlive/2019/texmf-dist/tex/latex/preprint/balance.sty
Package: balance 1999/02/23 4.3 (PWD)
\oldvsize=\dimen145
)
(d:/TexLive/texlive/2019/texmf-dist/tex/latex/soul/soul.sty
Package: soul 2003/11/17 v2.4 letterspacing/underlining (mf)
\SOUL@word=\toks20
\SOUL@lasttoken=\toks21
\SOUL@cmds=\toks22
\SOUL@buffer=\toks23
\SOUL@token=\toks24
\SOUL@spaceskip=\skip47
\SOUL@ttwidth=\dimen146
\SOUL@uldp=\dimen147
\SOUL@ulht=\dimen148
)
(d:/TexLive/texlive/2019/texmf-dist/tex/latex/pgf/frontendlayer/tikz.sty
(d:/TexLive/texlive/2019/texmf-dist/tex/latex/pgf/basiclayer/pgf.sty
(d:/TexLive/texlive/2019/texmf-dist/tex/latex/pgf/utilities/pgfrcs.sty
(d:/TexLive/texlive/2019/texmf-dist/tex/generic/pgf/utilities/pgfutil-common.te
x
\pgfutil@everybye=\toks25
\pgfutil@tempdima=\dimen149
\pgfutil@tempdimb=\dimen150

(d:/TexLive/texlive/2019/texmf-dist/tex/generic/pgf/utilities/pgfutil-common-li
sts.tex))
(d:/TexLive/texlive/2019/texmf-dist/tex/generic/pgf/utilities/pgfutil-latex.def
\pgfutil@abb=\box33
(d:/TexLive/texlive/2019/texmf-dist/tex/latex/ms/everyshi.sty
Package: everyshi 2001/05/15 v3.00 EveryShipout Package (MS)
))
(d:/TexLive/texlive/2019/texmf-dist/tex/generic/pgf/utilities/pgfrcs.code.tex
(d:/TexLive/texlive/2019/texmf-dist/tex/generic/pgf/pgf.revision.tex)
Package: pgfrcs 2019/02/02 v3.1.1 (3.1.1)
))
Package: pgf 2019/02/02 v3.1.1 (3.1.1)

(d:/TexLive/texlive/2019/texmf-dist/tex/latex/pgf/basiclayer/pgfcore.sty
(d:/TexLive/texlive/2019/texmf-dist/tex/latex/pgf/systemlayer/pgfsys.sty
(d:/TexLive/texlive/2019/texmf-dist/tex/generic/pgf/systemlayer/pgfsys.code.tex
Package: pgfsys 2019/02/02 v3.1.1 (3.1.1)
(d:/TexLive/texlive/2019/texmf-dist/tex/generic/pgf/utilities/pgfkeys.code.tex
\pgfkeys@pathtoks=\toks26
\pgfkeys@temptoks=\toks27

(d:/TexLive/texlive/2019/texmf-dist/tex/generic/pgf/utilities/pgfkeysfiltered.c
ode.tex
\pgfkeys@tmptoks=\toks28
))
\pgf@x=\dimen151
\pgf@y=\dimen152
\pgf@xa=\dimen153
\pgf@ya=\dimen154
\pgf@xb=\dimen155
\pgf@yb=\dimen156
\pgf@xc=\dimen157
\pgf@yc=\dimen158
\w@pgf@writea=\write3
\r@pgf@reada=\read1
\c@pgf@counta=\count116
\c@pgf@countb=\count117
\c@pgf@countc=\count118
\c@pgf@countd=\count119
\t@pgf@toka=\toks29
\t@pgf@tokb=\toks30
\t@pgf@tokc=\toks31
\pgf@sys@id@count=\count120

(d:/TexLive/texlive/2019/texmf-dist/tex/generic/pgf/systemlayer/pgf.cfg
File: pgf.cfg 2019/02/02 v3.1.1 (3.1.1)
)
Driver file for pgf: pgfsys-pdftex.def

(d:/TexLive/texlive/2019/texmf-dist/tex/generic/pgf/systemlayer/pgfsys-pdftex.d
ef
File: pgfsys-pdftex.def 2019/02/02 v3.1.1 (3.1.1)

(d:/TexLive/texlive/2019/texmf-dist/tex/generic/pgf/systemlayer/pgfsys-common-p
df.def
File: pgfsys-common-pdf.def 2019/02/02 v3.1.1 (3.1.1)
)))
(d:/TexLive/texlive/2019/texmf-dist/tex/generic/pgf/systemlayer/pgfsyssoftpath.
code.tex
File: pgfsyssoftpath.code.tex 2019/02/02 v3.1.1 (3.1.1)
\pgfsyssoftpath@smallbuffer@items=\count121
\pgfsyssoftpath@bigbuffer@items=\count122
)
(d:/TexLive/texlive/2019/texmf-dist/tex/generic/pgf/systemlayer/pgfsysprotocol.
code.tex
File: pgfsysprotocol.code.tex 2019/02/02 v3.1.1 (3.1.1)
))
(d:/TexLive/texlive/2019/texmf-dist/tex/generic/pgf/basiclayer/pgfcore.code.tex
Package: pgfcore 2019/02/02 v3.1.1 (3.1.1)
(d:/TexLive/texlive/2019/texmf-dist/tex/generic/pgf/math/pgfmath.code.tex
(d:/TexLive/texlive/2019/texmf-dist/tex/generic/pgf/math/pgfmathcalc.code.tex
(d:/TexLive/texlive/2019/texmf-dist/tex/generic/pgf/math/pgfmathutil.code.tex)
(d:/TexLive/texlive/2019/texmf-dist/tex/generic/pgf/math/pgfmathparser.code.tex
\pgfmath@dimen=\dimen159
\pgfmath@count=\count123
\pgfmath@box=\box34
\pgfmath@toks=\toks32
\pgfmath@stack@operand=\toks33
\pgfmath@stack@operation=\toks34
)
(d:/TexLive/texlive/2019/texmf-dist/tex/generic/pgf/math/pgfmathfunctions.code.
tex
(d:/TexLive/texlive/2019/texmf-dist/tex/generic/pgf/math/pgfmathfunctions.basic
.code.tex)
(d:/TexLive/texlive/2019/texmf-dist/tex/generic/pgf/math/pgfmathfunctions.trigo
nometric.code.tex)
(d:/TexLive/texlive/2019/texmf-dist/tex/generic/pgf/math/pgfmathfunctions.rando
m.code.tex)
(d:/TexLive/texlive/2019/texmf-dist/tex/generic/pgf/math/pgfmathfunctions.compa
rison.code.tex)
(d:/TexLive/texlive/2019/texmf-dist/tex/generic/pgf/math/pgfmathfunctions.base.
code.tex)
(d:/TexLive/texlive/2019/texmf-dist/tex/generic/pgf/math/pgfmathfunctions.round
.code.tex)
(d:/TexLive/texlive/2019/texmf-dist/tex/generic/pgf/math/pgfmathfunctions.misc.
code.tex)
(d:/TexLive/texlive/2019/texmf-dist/tex/generic/pgf/math/pgfmathfunctions.integ
erarithmetics.code.tex)))
(d:/TexLive/texlive/2019/texmf-dist/tex/generic/pgf/math/pgfmathfloat.code.tex
\c@pgfmathroundto@lastzeros=\count124
))
(d:/TexLive/texlive/2019/texmf-dist/tex/generic/pgf/basiclayer/pgfcorepoints.co
de.tex
File: pgfcorepoints.code.tex 2019/02/02 v3.1.1 (3.1.1)
\pgf@picminx=\dimen160
\pgf@picmaxx=\dimen161
\pgf@picminy=\dimen162
\pgf@picmaxy=\dimen163
\pgf@pathminx=\dimen164
\pgf@pathmaxx=\dimen165
\pgf@pathminy=\dimen166
\pgf@pathmaxy=\dimen167
\pgf@xx=\dimen168
\pgf@xy=\dimen169
\pgf@yx=\dimen170
\pgf@yy=\dimen171
\pgf@zx=\dimen172
\pgf@zy=\dimen173
)
(d:/TexLive/texlive/2019/texmf-dist/tex/generic/pgf/basiclayer/pgfcorepathconst
ruct.code.tex
File: pgfcorepathconstruct.code.tex 2019/02/02 v3.1.1 (3.1.1)
\pgf@path@lastx=\dimen174
\pgf@path@lasty=\dimen175
)
(d:/TexLive/texlive/2019/texmf-dist/tex/generic/pgf/basiclayer/pgfcorepathusage
.code.tex
File: pgfcorepathusage.code.tex 2019/02/02 v3.1.1 (3.1.1)
\pgf@shorten@end@additional=\dimen176
\pgf@shorten@start@additional=\dimen177
)
(d:/TexLive/texlive/2019/texmf-dist/tex/generic/pgf/basiclayer/pgfcorescopes.co
de.tex
File: pgfcorescopes.code.tex 2019/02/02 v3.1.1 (3.1.1)
\pgfpic=\box35
\pgf@hbox=\box36
\pgf@layerbox@main=\box37
\pgf@picture@serial@count=\count125
)
(d:/TexLive/texlive/2019/texmf-dist/tex/generic/pgf/basiclayer/pgfcoregraphicst
ate.code.tex
File: pgfcoregraphicstate.code.tex 2019/02/02 v3.1.1 (3.1.1)
\pgflinewidth=\dimen178
)
(d:/TexLive/texlive/2019/texmf-dist/tex/generic/pgf/basiclayer/pgfcoretransform
ations.code.tex
File: pgfcoretransformations.code.tex 2019/02/02 v3.1.1 (3.1.1)
\pgf@pt@x=\dimen179
\pgf@pt@y=\dimen180
\pgf@pt@temp=\dimen181
)
(d:/TexLive/texlive/2019/texmf-dist/tex/generic/pgf/basiclayer/pgfcorequick.cod
e.tex
File: pgfcorequick.code.tex 2019/02/02 v3.1.1 (3.1.1)
)
(d:/TexLive/texlive/2019/texmf-dist/tex/generic/pgf/basiclayer/pgfcoreobjects.c
ode.tex
File: pgfcoreobjects.code.tex 2019/02/02 v3.1.1 (3.1.1)
)
(d:/TexLive/texlive/2019/texmf-dist/tex/generic/pgf/basiclayer/pgfcorepathproce
ssing.code.tex
File: pgfcorepathprocessing.code.tex 2019/02/02 v3.1.1 (3.1.1)
)
(d:/TexLive/texlive/2019/texmf-dist/tex/generic/pgf/basiclayer/pgfcorearrows.co
de.tex
File: pgfcorearrows.code.tex 2019/02/02 v3.1.1 (3.1.1)
\pgfarrowsep=\dimen182
)
(d:/TexLive/texlive/2019/texmf-dist/tex/generic/pgf/basiclayer/pgfcoreshade.cod
e.tex
File: pgfcoreshade.code.tex 2019/02/02 v3.1.1 (3.1.1)
\pgf@max=\dimen183
\pgf@sys@shading@range@num=\count126
)
(d:/TexLive/texlive/2019/texmf-dist/tex/generic/pgf/basiclayer/pgfcoreimage.cod
e.tex
File: pgfcoreimage.code.tex 2019/02/02 v3.1.1 (3.1.1)

(d:/TexLive/texlive/2019/texmf-dist/tex/generic/pgf/basiclayer/pgfcoreexternal.
code.tex
File: pgfcoreexternal.code.tex 2019/02/02 v3.1.1 (3.1.1)
\pgfexternal@startupbox=\box38
))
(d:/TexLive/texlive/2019/texmf-dist/tex/generic/pgf/basiclayer/pgfcorelayers.co
de.tex
File: pgfcorelayers.code.tex 2019/02/02 v3.1.1 (3.1.1)
)
(d:/TexLive/texlive/2019/texmf-dist/tex/generic/pgf/basiclayer/pgfcoretranspare
ncy.code.tex
File: pgfcoretransparency.code.tex 2019/02/02 v3.1.1 (3.1.1)
)
(d:/TexLive/texlive/2019/texmf-dist/tex/generic/pgf/basiclayer/pgfcorepatterns.
code.tex
File: pgfcorepatterns.code.tex 2019/02/02 v3.1.1 (3.1.1)
)
(d:/TexLive/texlive/2019/texmf-dist/tex/generic/pgf/basiclayer/pgfcorerdf.code.
tex
File: pgfcorerdf.code.tex 2019/02/02 v3.1.1 (3.1.1)
)))
(d:/TexLive/texlive/2019/texmf-dist/tex/generic/pgf/modules/pgfmoduleshapes.cod
e.tex
File: pgfmoduleshapes.code.tex 2019/02/02 v3.1.1 (3.1.1)
\pgfnodeparttextbox=\box39
)
(d:/TexLive/texlive/2019/texmf-dist/tex/generic/pgf/modules/pgfmoduleplot.code.
tex
File: pgfmoduleplot.code.tex 2019/02/02 v3.1.1 (3.1.1)
)
(d:/TexLive/texlive/2019/texmf-dist/tex/latex/pgf/compatibility/pgfcomp-version
-0-65.sty
Package: pgfcomp-version-0-65 2019/02/02 v3.1.1 (3.1.1)
\pgf@nodesepstart=\dimen184
\pgf@nodesepend=\dimen185
)
(d:/TexLive/texlive/2019/texmf-dist/tex/latex/pgf/compatibility/pgfcomp-version
-1-18.sty
Package: pgfcomp-version-1-18 2019/02/02 v3.1.1 (3.1.1)
))
(d:/TexLive/texlive/2019/texmf-dist/tex/latex/pgf/utilities/pgffor.sty
(d:/TexLive/texlive/2019/texmf-dist/tex/latex/pgf/utilities/pgfkeys.sty
(d:/TexLive/texlive/2019/texmf-dist/tex/generic/pgf/utilities/pgfkeys.code.tex)
) (d:/TexLive/texlive/2019/texmf-dist/tex/latex/pgf/math/pgfmath.sty
(d:/TexLive/texlive/2019/texmf-dist/tex/generic/pgf/math/pgfmath.code.tex))
(d:/TexLive/texlive/2019/texmf-dist/tex/generic/pgf/utilities/pgffor.code.tex
Package: pgffor 2019/02/02 v3.1.1 (3.1.1)

(d:/TexLive/texlive/2019/texmf-dist/tex/generic/pgf/math/pgfmath.code.tex)
\pgffor@iter=\dimen186
\pgffor@skip=\dimen187
\pgffor@stack=\toks35
\pgffor@toks=\toks36
))
(d:/TexLive/texlive/2019/texmf-dist/tex/generic/pgf/frontendlayer/tikz/tikz.cod
e.tex
Package: tikz 2019/02/02 v3.1.1 (3.1.1)

(d:/TexLive/texlive/2019/texmf-dist/tex/generic/pgf/libraries/pgflibraryplothan
dlers.code.tex
File: pgflibraryplothandlers.code.tex 2019/02/02 v3.1.1 (3.1.1)
\pgf@plot@mark@count=\count127
\pgfplotmarksize=\dimen188
)
\tikz@lastx=\dimen189
\tikz@lasty=\dimen190
\tikz@lastxsaved=\dimen191
\tikz@lastysaved=\dimen192
\tikzleveldistance=\dimen193
\tikzsiblingdistance=\dimen194
\tikz@figbox=\box40
\tikz@figbox@bg=\box41
\tikz@tempbox=\box42
\tikz@tempbox@bg=\box43
\tikztreelevel=\count128
\tikznumberofchildren=\count129
\tikznumberofcurrentchild=\count130
\tikz@fig@count=\count131

(d:/TexLive/texlive/2019/texmf-dist/tex/generic/pgf/modules/pgfmodulematrix.cod
e.tex
File: pgfmodulematrix.code.tex 2019/02/02 v3.1.1 (3.1.1)
\pgfmatrixcurrentrow=\count132
\pgfmatrixcurrentcolumn=\count133
\pgf@matrix@numberofcolumns=\count134
)
\tikz@expandcount=\count135

(d:/TexLive/texlive/2019/texmf-dist/tex/generic/pgf/frontendlayer/tikz/librarie
s/tikzlibrarytopaths.code.tex
File: tikzlibrarytopaths.code.tex 2019/02/02 v3.1.1 (3.1.1)
)))
(d:/TexLive/texlive/2019/texmf-dist/tex/latex/amsmath/amsmath.sty
Package: amsmath 2018/12/01 v2.17b AMS math features
\@mathmargin=\skip48

For additional information on amsmath, use the `?' option.
(d:/TexLive/texlive/2019/texmf-dist/tex/latex/amsmath/amstext.sty
Package: amstext 2000/06/29 v2.01 AMS text

(d:/TexLive/texlive/2019/texmf-dist/tex/latex/amsmath/amsgen.sty
File: amsgen.sty 1999/11/30 v2.0 generic functions
\@emptytoks=\toks37
\ex@=\dimen195
))
(d:/TexLive/texlive/2019/texmf-dist/tex/latex/amsmath/amsbsy.sty
Package: amsbsy 1999/11/29 v1.2d Bold Symbols
\pmbraise@=\dimen196
)
(d:/TexLive/texlive/2019/texmf-dist/tex/latex/amsmath/amsopn.sty
Package: amsopn 2016/03/08 v2.02 operator names
)
\inf@bad=\count136
LaTeX Info: Redefining \frac on input line 223.
\uproot@=\count137
\leftroot@=\count138
LaTeX Info: Redefining \overline on input line 385.
\classnum@=\count139
\DOTSCASE@=\count140
LaTeX Info: Redefining \ldots on input line 482.
LaTeX Info: Redefining \dots on input line 485.
LaTeX Info: Redefining \cdots on input line 606.
\Mathstrutbox@=\box44
\strutbox@=\box45
\big@size=\dimen197
LaTeX Font Info:    Redeclaring font encoding OML on input line 729.
LaTeX Font Info:    Redeclaring font encoding OMS on input line 730.
\macc@depth=\count141
\c@MaxMatrixCols=\count142
\dotsspace@=\muskip10
\c@parentequation=\count143
\dspbrk@lvl=\count144
\tag@help=\toks38
\row@=\count145
\column@=\count146
\maxfields@=\count147
\andhelp@=\toks39
\eqnshift@=\dimen198
\alignsep@=\dimen199
\tagshift@=\dimen256
\tagwidth@=\dimen257
\totwidth@=\dimen258
\lineht@=\dimen259
\@envbody=\toks40
\multlinegap=\skip49
\multlinetaggap=\skip50
\mathdisplay@stack=\toks41
LaTeX Info: Redefining \[ on input line 2844.
LaTeX Info: Redefining \] on input line 2845.
)
(d:/TexLive/texlive/2019/texmf-dist/tex/latex/multirow/multirow.sty
Package: multirow 2019/01/01 v2.4 Span multiple rows of a table
\multirow@colwidth=\skip51
\multirow@cntb=\count148
\multirow@dima=\skip52
\bigstrutjot=\dimen260
)
(./GraphSO.aux)
\openout1 = `GraphSO.aux'.

LaTeX Font Info:    Checking defaults for OML/cmm/m/it on input line 80.
LaTeX Font Info:    ... okay on input line 80.
LaTeX Font Info:    Checking defaults for T1/cmr/m/n on input line 80.
LaTeX Font Info:    ... okay on input line 80.
LaTeX Font Info:    Checking defaults for OT1/cmr/m/n on input line 80.
LaTeX Font Info:    ... okay on input line 80.
LaTeX Font Info:    Checking defaults for OMS/cmsy/m/n on input line 80.
LaTeX Font Info:    ... okay on input line 80.
LaTeX Font Info:    Checking defaults for OMX/cmex/m/n on input line 80.
LaTeX Font Info:    ... okay on input line 80.
LaTeX Font Info:    Checking defaults for U/cmr/m/n on input line 80.
LaTeX Font Info:    ... okay on input line 80.

-- Lines per column: 61 (exact).
(d:/TexLive/texlive/2019/texmf-dist/tex/context/base/mkii/supp-pdf.mkii
[Loading MPS to PDF converter (version 2006.09.02).]
\scratchcounter=\count149
\scratchdimen=\dimen261
\scratchbox=\box46
\nofMPsegments=\count150
\nofMParguments=\count151
\everyMPshowfont=\toks42
\MPscratchCnt=\count152
\MPscratchDim=\dimen262
\MPnumerator=\count153
\makeMPintoPDFobject=\count154
\everyMPtoPDFconversion=\toks43
) (d:/TexLive/texlive/2019/texmf-dist/tex/latex/oberdiek/epstopdf-base.sty
Package: epstopdf-base 2016/05/15 v2.6 Base part for package epstopdf

(d:/TexLive/texlive/2019/texmf-dist/tex/generic/oberdiek/infwarerr.sty
Package: infwarerr 2016/05/16 v1.4 Providing info/warning/error messages (HO)
)
(d:/TexLive/texlive/2019/texmf-dist/tex/latex/oberdiek/grfext.sty
Package: grfext 2016/05/16 v1.2 Manage graphics extensions (HO)

(d:/TexLive/texlive/2019/texmf-dist/tex/generic/oberdiek/kvdefinekeys.sty
Package: kvdefinekeys 2016/05/16 v1.4 Define keys (HO)

(d:/TexLive/texlive/2019/texmf-dist/tex/generic/oberdiek/ltxcmds.sty
Package: ltxcmds 2016/05/16 v1.23 LaTeX kernel commands for general use (HO)
)))
(d:/TexLive/texlive/2019/texmf-dist/tex/latex/oberdiek/kvoptions.sty
Package: kvoptions 2016/05/16 v3.12 Key value format for package options (HO)

(d:/TexLive/texlive/2019/texmf-dist/tex/generic/oberdiek/kvsetkeys.sty
Package: kvsetkeys 2016/05/16 v1.17 Key value parser (HO)

(d:/TexLive/texlive/2019/texmf-dist/tex/generic/oberdiek/etexcmds.sty
Package: etexcmds 2016/05/16 v1.6 Avoid name clashes with e-TeX commands (HO)

(d:/TexLive/texlive/2019/texmf-dist/tex/generic/oberdiek/ifluatex.sty
Package: ifluatex 2016/05/16 v1.4 Provides the ifluatex switch (HO)
Package ifluatex Info: LuaTeX not detected.
))))
(d:/TexLive/texlive/2019/texmf-dist/tex/generic/oberdiek/pdftexcmds.sty
Package: pdftexcmds 2018/09/10 v0.29 Utility functions of pdfTeX for LuaTeX (HO
)

(d:/TexLive/texlive/2019/texmf-dist/tex/generic/oberdiek/ifpdf.sty
Package: ifpdf 2018/09/07 v3.3 Provides the ifpdf switch
)
Package pdftexcmds Info: LuaTeX not detected.
Package pdftexcmds Info: \pdf@primitive is available.
Package pdftexcmds Info: \pdf@ifprimitive is available.
Package pdftexcmds Info: \pdfdraftmode found.
)
Package epstopdf-base Info: Redefining graphics rule for `.eps' on input line 4
38.
Package grfext Info: Graphics extension search list:
(grfext)             [.pdf,.png,.jpg,.mps,.jpeg,.jbig2,.jb2,.PDF,.PNG,.JPG,.JPE
G,.JBIG2,.JB2,.eps]
(grfext)             \AppendGraphicsExtensions on input line 456.

(d:/TexLive/texlive/2019/texmf-dist/tex/latex/latexconfig/epstopdf-sys.cfg
File: epstopdf-sys.cfg 2010/07/13 v1.3 Configuration of (r)epstopdf for TeX Liv
e
))
\c@lstlisting=\count155

ABD: EveryShipout initializing macros
LaTeX Font Info:    Try loading font information for OT1+phv on input line 158.


(d:/TexLive/texlive/2019/texmf-dist/tex/latex/psnfss/ot1phv.fd
File: ot1phv.fd 2001/06/04 scalable font definitions for OT1/phv.
)
LaTeX Font Info:    Font shape `OT1/phv/m/it' in size <11.04124> not available
(Font)              Font shape `OT1/phv/m/sl' tried instead on input line 158.
LaTeX Font Info:    Font shape `OT1/phv/bx/n' in size <8.03> not available
(Font)              Font shape `OT1/phv/b/n' tried instead on input line 158.
LaTeX Font Info:    Font shape `OT1/phv/m/it' in size <8.03> not available
(Font)              Font shape `OT1/phv/m/sl' tried instead on input line 158.
LaTeX Font Info:    Calculating math sizes for size <11.04124> on input line 15
8.
LaTeX Font Info:    Try loading font information for U+pzd on input line 158.

(d:/TexLive/texlive/2019/texmf-dist/tex/latex/psnfss/upzd.fd
File: upzd.fd 2001/06/04 font definitions for U/pzd.
)
LaTeX Font Info:    Calculating math sizes for size <8.03> on input line 158.
LaTeX Font Info:    Try loading font information for OMS+ppl on input line 158.


(d:/TexLive/texlive/2019/texmf-dist/tex/latex/psnfss/omsppl.fd
File: omsppl.fd 
)
LaTeX Font Info:    Font shape `OMS/ppl/m/it' in size <8.03> not available
(Font)              Font shape `OMS/cmsy/m/n' tried instead on input line 158.
LaTeX Font Info:    Font shape `OT1/phv/bx/n' in size <11.04124> not available
(Font)              Font shape `OT1/phv/b/n' tried instead on input line 184.
LaTeX Font Info:    Font shape `OT1/phv/bx/sc' in size <11.04124> not available

(Font)              Font shape `OT1/phv/b/sc' tried instead on input line 184.
LaTeX Font Info:    Calculating math sizes for size <9.53561> on input line 187
.
<number_jobs.pdf, id=4, 418.56375pt x 156.585pt>
File: number_jobs.pdf Graphic file (type pdf)
<use number_jobs.pdf>
Package pdftex.def Info: number_jobs.pdf  used on input line 198.
(pdftex.def)             Requested size: 252.94499pt x 94.62549pt.

Overfull \hbox (4.33841pt too wide) in paragraph at lines 198--200
 [][] 
 []

[1{d:/TexLive/texlive/2019/texmf-var/fonts/map/pdftex/updmap/pdftex.map}


 <./number_jobs.pdf>]
Underfull \hbox (badness 10000) in paragraph at lines 216--216
[][][]\OT1/ppl/m/n/8.03 The source code of GraphSO is avail-able at:
 []



pdfTeX warning: pdflatex.exe (file ./graph.pdf): PDF inclusion: found PDF versi
on <1.7>, but at most version <1.5> allowed
<graph.pdf, id=26, 518.31644pt x 184.43906pt>
File: graph.pdf Graphic file (type pdf)
<use graph.pdf>
Package pdftex.def Info: graph.pdf  used on input line 250.
(pdftex.def)             Requested size: 238.49121pt x 84.8655pt.
LaTeX Font Info:    Font shape `OT1/phv/bx/n' in size <9.53561> not available
(Font)              Font shape `OT1/phv/b/n' tried instead on input line 262.
[2 <./graph.pdf>]

pdfTeX warning: pdflatex.exe (file ./IO_inefficient.pdf): PDF inclusion: found 
PDF version <1.7>, but at most version <1.5> allowed
<IO_inefficient.pdf, id=49, 405.39456pt x 184.43906pt>
File: IO_inefficient.pdf Graphic file (type pdf)
<use IO_inefficient.pdf>
Package pdftex.def Info: IO_inefficient.pdf  used on input line 283.
(pdftex.def)             Requested size: 245.71754pt x 111.79282pt.


pdfTeX warning: pdflatex.exe (file ./active_ratio_times.pdf): PDF inclusion: fo
und PDF version <1.7>, but at most version <1.5> allowed
<active_ratio_times.pdf, id=50, 405.01312pt x 184.43906pt>
File: active_ratio_times.pdf Graphic file (type pdf)
<use active_ratio_times.pdf>
Package pdftex.def Info: active_ratio_times.pdf  used on input line 293.
(pdftex.def)             Requested size: 245.71754pt x 111.89977pt.
[3 <./IO_inefficient.pdf> <./active_ratio_times.pdf

pdfTeX warning: pdflatex.exe (file ./active_ratio_times.pdf): PDF inclusion: mu
ltiple pdfs with page group included in a single page
>]

pdfTeX warning: pdflatex.exe (file ./Architectural.pdf): PDF inclusion: found P
DF version <1.7>, but at most version <1.5> allowed
<Architectural.pdf, id=75, 353.06906pt x 205.5178pt>
File: Architectural.pdf Graphic file (type pdf)
<use Architectural.pdf>
Package pdftex.def Info: Architectural.pdf  used on input line 349.
(pdftex.def)             Requested size: 252.94499pt x 147.23889pt.
LaTeX Font Info:    Font shape `OT1/phv/m/it' in size <9.53561> not available
(Font)              Font shape `OT1/phv/m/sl' tried instead on input line 391.
[4 <./Architectural.pdf>]

pdfTeX warning: pdflatex.exe (file ./divide.pdf): PDF inclusion: found PDF vers
ion <1.7>, but at most version <1.5> allowed
<divide.pdf, id=100, 572.1375pt x 177.66376pt>
File: divide.pdf Graphic file (type pdf)
<use divide.pdf>
Package pdftex.def Info: divide.pdf  used on input line 438.
(pdftex.def)             Requested size: 252.94499pt x 78.54639pt.
[5 <./divide.pdf>]

pdfTeX warning: pdflatex.exe (file ./repartition.pdf): PDF inclusion: found PDF
 version <1.7>, but at most version <1.5> allowed
<repartition.pdf, id=122, 640.64343pt x 128.73094pt>
File: repartition.pdf Graphic file (type pdf)
<use repartition.pdf>
Package pdftex.def Info: repartition.pdf  used on input line 533.
(pdftex.def)             Requested size: 252.94499pt x 50.82556pt.
[6 <./repartition.pdf>]
LaTeX Font Info:    Calculating math sizes for size <9.03374> on input line 599
.

Underfull \hbox (badness 1383) in paragraph at lines 645--648
\OT1/ppl/m/n/9.53561 chunk, e.g., $\OML/cmm/m/it/10 C[]$\OT1/ppl/m/n/9.53561 , 
with the low-est pri-or-ity, e.g.,
 []

<schedule.pdf, id=138, 1008.76875pt x 639.38875pt>
File: schedule.pdf Graphic file (type pdf)
<use schedule.pdf>
Package pdftex.def Info: schedule.pdf  used on input line 657.
(pdftex.def)             Requested size: 170.71652pt x 108.19707pt.

Overfull \hbox (4.97354pt too wide) in paragraph at lines 657--659
 [][] 
 []

<exe_time.pdf, id=139, 1008.76875pt x 639.38875pt>
File: exe_time.pdf Graphic file (type pdf)
<use exe_time.pdf>
Package pdftex.def Info: exe_time.pdf  used on input line 665.
(pdftex.def)             Requested size: 170.71652pt x 108.19707pt.

Overfull \hbox (4.97354pt too wide) in paragraph at lines 665--667
 [][] 
 []

<breakdown.pdf, id=140, 1103.12125pt x 652.4375pt>
File: breakdown.pdf Graphic file (type pdf)
<use breakdown.pdf>
Package pdftex.def Info: breakdown.pdf  used on input line 673.
(pdftex.def)             Requested size: 170.71652pt x 100.96747pt.

Overfull \hbox (4.97354pt too wide) in paragraph at lines 673--675
 [][] 
 []

[7]
Underfull \hbox (badness 2245) in paragraph at lines 710--713
\OT1/ppl/m/n/9.53561 and Won-der-land af-ter in-te-grat-ing with GraphM and
 []


Underfull \hbox (badness 2556) in paragraph at lines 710--713
\OT1/ppl/m/n/9.53561 GraphSO, re-spec-tively. We can find that lit-tle ad-di-
 []

<IO.pdf, id=145, 1008.76875pt x 639.38875pt>
File: IO.pdf Graphic file (type pdf)
<use IO.pdf>
Package pdftex.def Info: IO.pdf  used on input line 755.
(pdftex.def)             Requested size: 170.71652pt x 108.19707pt.

Overfull \hbox (10.15794pt too wide) in paragraph at lines 755--757
 [][] 
 []

<ratio_active.pdf, id=146, 1008.76875pt x 639.38875pt>
File: ratio_active.pdf Graphic file (type pdf)
<use ratio_active.pdf>
Package pdftex.def Info: ratio_active.pdf  used on input line 763.
(pdftex.def)             Requested size: 170.71652pt x 108.19707pt.

Overfull \hbox (10.15794pt too wide) in paragraph at lines 763--765
 [][] 
 []

<cache_swap.pdf, id=147, 1008.76875pt x 639.38875pt>
File: cache_swap.pdf Graphic file (type pdf)
<use cache_swap.pdf>
Package pdftex.def Info: cache_swap.pdf  used on input line 771.
(pdftex.def)             Requested size: 170.71652pt x 108.19707pt.

Overfull \hbox (4.97354pt too wide) in paragraph at lines 771--773
 [][] 
 []

<deconstruction.pdf, id=148, 1008.76875pt x 639.38875pt>
File: deconstruction.pdf Graphic file (type pdf)
<use deconstruction.pdf>
Package pdftex.def Info: deconstruction.pdf  used on input line 822.
(pdftex.def)             Requested size: 170.71652pt x 108.19707pt.

Overfull \hbox (10.15794pt too wide) in paragraph at lines 822--824
 [][] 
 []

<Scal_workers.pdf, id=149, 1008.76875pt x 639.38875pt>
File: Scal_workers.pdf Graphic file (type pdf)
<use Scal_workers.pdf>
Package pdftex.def Info: Scal_workers.pdf  used on input line 830.
(pdftex.def)             Requested size: 170.71652pt x 108.19707pt.

Overfull \hbox (10.15794pt too wide) in paragraph at lines 830--832
 [][] 
 []

<Scal_mem.pdf, id=150, 1008.76875pt x 639.38875pt>
File: Scal_mem.pdf Graphic file (type pdf)
<use Scal_mem.pdf>
Package pdftex.def Info: Scal_mem.pdf  used on input line 838.
(pdftex.def)             Requested size: 170.71652pt x 108.19707pt.

Overfull \hbox (10.15794pt too wide) in paragraph at lines 838--840
 [][] 
 []

<Scal_lambda.pdf, id=151, 1008.76875pt x 639.38875pt>
File: Scal_lambda.pdf Graphic file (type pdf)
<use Scal_lambda.pdf>
Package pdftex.def Info: Scal_lambda.pdf  used on input line 849.
(pdftex.def)             Requested size: 170.71652pt x 108.19707pt.

Overfull \hbox (10.15794pt too wide) in paragraph at lines 849--851
 [][] 
 []

<Partitioning-size.pdf, id=152, 1008.76875pt x 639.38875pt>
File: Partitioning-size.pdf Graphic file (type pdf)
<use Partitioning-size.pdf>
Package pdftex.def Info: Partitioning-size.pdf  used on input line 857.
(pdftex.def)             Requested size: 170.71652pt x 108.19707pt.

Overfull \hbox (10.15794pt too wide) in paragraph at lines 857--859
 [][] 
 []

<Diff-workloads.pdf, id=153, 1008.76875pt x 639.38875pt>
File: Diff-workloads.pdf Graphic file (type pdf)
<use Diff-workloads.pdf>
Package pdftex.def Info: Diff-workloads.pdf  used on input line 865.
(pdftex.def)             Requested size: 170.71652pt x 108.19707pt.

Overfull \hbox (10.15794pt too wide) in paragraph at lines 865--867
 [][] 
 []

<memory_size.pdf, id=154, 1008.76875pt x 639.38875pt>
File: memory_size.pdf Graphic file (type pdf)
<use memory_size.pdf>
Package pdftex.def Info: memory_size.pdf  used on input line 876.
(pdftex.def)             Requested size: 170.71652pt x 108.19707pt.
[8 <./schedule.pdf> <./exe_time.pdf

pdfTeX warning: pdflatex.exe (file ./exe_time.pdf): PDF inclusion: multiple pdf
s with page group included in a single page
> <./breakdown.pdf

pdfTeX warning: pdflatex.exe (file ./breakdown.pdf): PDF inclusion: multiple pd
fs with page group included in a single page
>]
Underfull \vbox (badness 3128) has occurred while \output is active []

 [9 <./IO.pdf> <./ratio_active.pdf

pdfTeX warning: pdflatex.exe (file ./ratio_active.pdf): PDF inclusion: multiple
 pdfs with page group included in a single page
> <./cache_swap.pdf

pdfTeX warning: pdflatex.exe (file ./cache_swap.pdf): PDF inclusion: multiple p
dfs with page group included in a single page
> <./deconstruction.pdf

pdfTeX warning: pdflatex.exe (file ./deconstruction.pdf): PDF inclusion: multip
le pdfs with page group included in a single page
> <./Scal_workers.pdf

pdfTeX warning: pdflatex.exe (file ./Scal_workers.pdf): PDF inclusion: multiple
 pdfs with page group included in a single page
> <./Scal_mem.pdf

pdfTeX warning: pdflatex.exe (file ./Scal_mem.pdf): PDF inclusion: multiple pdf
s with page group included in a single page
> <./Scal_lambda.pdf

pdfTeX warning: pdflatex.exe (file ./Scal_lambda.pdf): PDF inclusion: multiple 
pdfs with page group included in a single page
> <./Partitioning-size.pdf

pdfTeX warning: pdflatex.exe (file ./Partitioning-size.pdf): PDF inclusion: mul
tiple pdfs with page group included in a single page
> <./Diff-workloads.pdf

pdfTeX warning: pdflatex.exe (file ./Diff-workloads.pdf): PDF inclusion: multip
le pdfs with page group included in a single page
> <./memory_size.pdf

pdfTeX warning: pdflatex.exe (file ./memory_size.pdf): PDF inclusion: multiple 
pdfs with page group included in a single page
>]
LaTeX Font Info:    Font shape `OMS/ppl/m/n' in size <9.03374> not available
(Font)              Font shape `OMS/cmsy/m/n' tried instead on input line 950.
 [10] (./GraphSO.bbl [11] [12]) [13

] (./GraphSO.aux) ) 
Here is how much of TeX's memory you used:
 15718 strings out of 492623
 300819 string characters out of 6129529
 358387 words of memory out of 5000000
 19292 multiletter control sequences out of 15000+600000
 55419 words of font info for 117 fonts, out of 8000000 for 9000
 1144 hyphenation exceptions out of 8191
 55i,17n,48p,1249b,318s stack positions out of 5000i,500n,10000p,200000b,80000s
{d:/TexLive/texlive/2019/texmf-dist/fonts/enc/dvips/base/8r.
enc}<d:/TexLive/texlive/2019/texmf-dist/fonts/type1/public/amsfonts/cm/cmex10.p
fb><d:/TexLive/texlive/2019/texmf-dist/fonts/type1/public/amsfonts/cm/cmmi10.pf
b><d:/TexLive/texlive/2019/texmf-dist/fonts/type1/public/amsfonts/cm/cmmi5.pfb>
<d:/TexLive/texlive/2019/texmf-dist/fonts/type1/public/amsfonts/cm/cmmi7.pfb><d
:/TexLive/texlive/2019/texmf-dist/fonts/type1/public/amsfonts/cm/cmmi8.pfb><d:/
TexLive/texlive/2019/texmf-dist/fonts/type1/public/amsfonts/cm/cmmi9.pfb><d:/Te
xLive/texlive/2019/texmf-dist/fonts/type1/public/amsfonts/cm/cmr10.pfb><d:/TexL
ive/texlive/2019/texmf-dist/fonts/type1/public/amsfonts/cm/cmr6.pfb><d:/TexLive
/texlive/2019/texmf-dist/fonts/type1/public/amsfonts/cm/cmr7.pfb><d:/TexLive/te
xlive/2019/texmf-dist/fonts/type1/public/amsfonts/cm/cmsy10.pfb><d:/TexLive/tex
live/2019/texmf-dist/fonts/type1/public/amsfonts/cm/cmsy7.pfb><d:/TexLive/texli
ve/2019/texmf-dist/fonts/type1/public/amsfonts/cm/cmsy8.pfb><d:/TexLive/texlive
/2019/texmf-dist/fonts/type1/public/amsfonts/cm/cmsy9.pfb><d:/TexLive/texlive/2
019/texmf-dist/fonts/type1/urw/helvetic/uhvb8a.pfb><d:/TexLive/texlive/2019/tex
mf-dist/fonts/type1/urw/helvetic/uhvr8a.pfb><d:/TexLive/texlive/2019/texmf-dist
/fonts/type1/urw/helvetic/uhvro8a.pfb><d:/TexLive/texlive/2019/texmf-dist/fonts
/type1/urw/palatino/uplb8a.pfb><d:/TexLive/texlive/2019/texmf-dist/fonts/type1/
urw/palatino/uplr8a.pfb><d:/TexLive/texlive/2019/texmf-dist/fonts/type1/urw/pal
atino/uplri8a.pfb><d:/TexLive/texlive/2019/texmf-dist/fonts/type1/urw/zapfding/
uzdr.pfb>
Output written on GraphSO.pdf (13 pages, 455795 bytes).
PDF statistics:
 630 PDF objects out of 1000 (max. 8388607)
 469 compressed objects within 5 object streams
 0 named destinations out of 1000 (max. 500000)
 113 words of extra memory for PDF output out of 10000 (max. 10000000)

