This is pdfTeX, Version 3.141592653-2.6-1.40.24 (TeX Live 2022) (preloaded format=pdflatex 2023.11.3)  16 NOV 2023 09:34
entering extended mode
 restricted \write18 enabled.
 file:line:error style messages enabled.
 %&-line parsing enabled.
**"e:/åç§‘å®éªŒå®¤è®ºæ–‡/MyDocument/å¹¶å‘ç‚¹å¯¹ç‚¹æŸ¥è¯¢/è®ºæ–‡è‰ç¨¿/GraphCPP A Data-Driven System for Concurrent Point-to-Point Queries.tex"
(e:/åç§‘å®éªŒå®¤è®ºæ–‡/MyDocument/å¹¶å‘ç‚¹å¯¹ç‚¹æŸ¥è¯¢/è®ºæ–‡è‰ç¨¿/GraphCPP A Data-Driven System for Concurrent Point-to-Point Queries.tex
LaTeX2e <2021-11-15> patch level 1
L3 programming layer <2022-02-24> (d:/texlive/2022/texmf-dist/tex/latex/ieeetran/IEEEtran.cls
Document Class: IEEEtran 2015/08/26 V1.8b by Michael Shell
-- See the "IEEEtran_HOWTO" manual for usage information.
-- http://www.michaelshell.org/tex/ieeetran/
\@IEEEtrantmpdimenA=\dimen138
\@IEEEtrantmpdimenB=\dimen139
\@IEEEtrantmpdimenC=\dimen140
\@IEEEtrantmpcountA=\count185
\@IEEEtrantmpcountB=\count186
\@IEEEtrantmpcountC=\count187
\@IEEEtrantmptoksA=\toks16
LaTeX Font Info:    Trying to load font information for OT1+ptm on input line 503.
(d:/texlive/2022/texmf-dist/tex/latex/psnfss/ot1ptm.fd
File: ot1ptm.fd 2001/06/04 font definitions for OT1/ptm.
)
-- Using 8.5in x 11in (letter) paper.
-- Using PDF output.
\@IEEEnormalsizeunitybaselineskip=\dimen141
-- This is a 10 point document.
\CLASSINFOnormalsizebaselineskip=\dimen142
\CLASSINFOnormalsizeunitybaselineskip=\dimen143
\IEEEnormaljot=\dimen144
LaTeX Font Info:    Font shape `OT1/ptm/bx/n' in size <5> not available
(Font)              Font shape `OT1/ptm/b/n' tried instead on input line 1090.
LaTeX Font Info:    Font shape `OT1/ptm/bx/it' in size <5> not available
(Font)              Font shape `OT1/ptm/b/it' tried instead on input line 1090.
LaTeX Font Info:    Font shape `OT1/ptm/bx/n' in size <7> not available
(Font)              Font shape `OT1/ptm/b/n' tried instead on input line 1090.
LaTeX Font Info:    Font shape `OT1/ptm/bx/it' in size <7> not available
(Font)              Font shape `OT1/ptm/b/it' tried instead on input line 1090.
LaTeX Font Info:    Font shape `OT1/ptm/bx/n' in size <8> not available
(Font)              Font shape `OT1/ptm/b/n' tried instead on input line 1090.
LaTeX Font Info:    Font shape `OT1/ptm/bx/it' in size <8> not available
(Font)              Font shape `OT1/ptm/b/it' tried instead on input line 1090.
LaTeX Font Info:    Font shape `OT1/ptm/bx/n' in size <9> not available
(Font)              Font shape `OT1/ptm/b/n' tried instead on input line 1090.
LaTeX Font Info:    Font shape `OT1/ptm/bx/it' in size <9> not available
(Font)              Font shape `OT1/ptm/b/it' tried instead on input line 1090.
LaTeX Font Info:    Font shape `OT1/ptm/bx/n' in size <10> not available
(Font)              Font shape `OT1/ptm/b/n' tried instead on input line 1090.
LaTeX Font Info:    Font shape `OT1/ptm/bx/it' in size <10> not available
(Font)              Font shape `OT1/ptm/b/it' tried instead on input line 1090.
LaTeX Font Info:    Font shape `OT1/ptm/bx/n' in size <11> not available
(Font)              Font shape `OT1/ptm/b/n' tried instead on input line 1090.
LaTeX Font Info:    Font shape `OT1/ptm/bx/it' in size <11> not available
(Font)              Font shape `OT1/ptm/b/it' tried instead on input line 1090.
LaTeX Font Info:    Font shape `OT1/ptm/bx/n' in size <12> not available
(Font)              Font shape `OT1/ptm/b/n' tried instead on input line 1090.
LaTeX Font Info:    Font shape `OT1/ptm/bx/it' in size <12> not available
(Font)              Font shape `OT1/ptm/b/it' tried instead on input line 1090.
LaTeX Font Info:    Font shape `OT1/ptm/bx/n' in size <17> not available
(Font)              Font shape `OT1/ptm/b/n' tried instead on input line 1090.
LaTeX Font Info:    Font shape `OT1/ptm/bx/it' in size <17> not available
(Font)              Font shape `OT1/ptm/b/it' tried instead on input line 1090.
LaTeX Font Info:    Font shape `OT1/ptm/bx/n' in size <20> not available
(Font)              Font shape `OT1/ptm/b/n' tried instead on input line 1090.
LaTeX Font Info:    Font shape `OT1/ptm/bx/it' in size <20> not available
(Font)              Font shape `OT1/ptm/b/it' tried instead on input line 1090.
LaTeX Font Info:    Font shape `OT1/ptm/bx/n' in size <24> not available
(Font)              Font shape `OT1/ptm/b/n' tried instead on input line 1090.
LaTeX Font Info:    Font shape `OT1/ptm/bx/it' in size <24> not available
(Font)              Font shape `OT1/ptm/b/it' tried instead on input line 1090.
\IEEEquantizedlength=\dimen145
\IEEEquantizedlengthdiff=\dimen146
\IEEEquantizedtextheightdiff=\dimen147
\IEEEilabelindentA=\dimen148
\IEEEilabelindentB=\dimen149
\IEEEilabelindent=\dimen150
\IEEEelabelindent=\dimen151
\IEEEdlabelindent=\dimen152
\IEEElabelindent=\dimen153
\IEEEiednormlabelsep=\dimen154
\IEEEiedmathlabelsep=\dimen155
\IEEEiedtopsep=\skip47
\c@section=\count188
\c@subsection=\count189
\c@subsubsection=\count190
\c@paragraph=\count191
\c@IEEEsubequation=\count192
\abovecaptionskip=\skip48
\belowcaptionskip=\skip49
\c@figure=\count193
\c@table=\count194
\@IEEEeqnnumcols=\count195
\@IEEEeqncolcnt=\count196
\@IEEEsubeqnnumrollback=\count197
\@IEEEquantizeheightA=\dimen156
\@IEEEquantizeheightB=\dimen157
\@IEEEquantizeheightC=\dimen158
\@IEEEquantizeprevdepth=\dimen159
\@IEEEquantizemultiple=\count198
\@IEEEquantizeboxA=\box50
\@IEEEtmpitemindent=\dimen160
\IEEEPARstartletwidth=\dimen161
\c@IEEEbiography=\count199
\@IEEEtranrubishbin=\box51
) (d:/texlive/2022/texmf-dist/tex/latex/amsmath/amsmath.sty
Package: amsmath 2021/10/15 v2.17l AMS math features
\@mathmargin=\skip50

For additional information on amsmath, use the `?' option.
(d:/texlive/2022/texmf-dist/tex/latex/amsmath/amstext.sty
Package: amstext 2021/08/26 v2.01 AMS text
 (d:/texlive/2022/texmf-dist/tex/latex/amsmath/amsgen.sty
File: amsgen.sty 1999/11/30 v2.0 generic functions
\@emptytoks=\toks17
\ex@=\dimen162
)) (d:/texlive/2022/texmf-dist/tex/latex/amsmath/amsbsy.sty
Package: amsbsy 1999/11/29 v1.2d Bold Symbols
\pmbraise@=\dimen163
) (d:/texlive/2022/texmf-dist/tex/latex/amsmath/amsopn.sty
Package: amsopn 2021/08/26 v2.02 operator names
)
\inf@bad=\count266
LaTeX Info: Redefining \frac on input line 234.
\uproot@=\count267
\leftroot@=\count268
LaTeX Info: Redefining \overline on input line 399.
\classnum@=\count269
\DOTSCASE@=\count270
LaTeX Info: Redefining \ldots on input line 496.
LaTeX Info: Redefining \dots on input line 499.
LaTeX Info: Redefining \cdots on input line 620.
\Mathstrutbox@=\box52
\strutbox@=\box53
\big@size=\dimen164
LaTeX Font Info:    Redeclaring font encoding OML on input line 743.
LaTeX Font Info:    Redeclaring font encoding OMS on input line 744.
\macc@depth=\count271
\c@MaxMatrixCols=\count272
\dotsspace@=\muskip16
\c@parentequation=\count273
\dspbrk@lvl=\count274
\tag@help=\toks18
\row@=\count275
\column@=\count276
\maxfields@=\count277
\andhelp@=\toks19
\eqnshift@=\dimen165
\alignsep@=\dimen166
\tagshift@=\dimen167
\tagwidth@=\dimen168
\totwidth@=\dimen169
\lineht@=\dimen170
\@envbody=\toks20
\multlinegap=\skip51
\multlinetaggap=\skip52
\mathdisplay@stack=\toks21
LaTeX Info: Redefining \[ on input line 2938.
LaTeX Info: Redefining \] on input line 2939.
) (d:/texlive/2022/texmf-dist/tex/latex/amsfonts/amsfonts.sty
Package: amsfonts 2013/01/14 v3.01 Basic AMSFonts support
\symAMSa=\mathgroup4
\symAMSb=\mathgroup5
LaTeX Font Info:    Redeclaring math symbol \hbar on input line 98.
LaTeX Font Info:    Overwriting math alphabet `\mathfrak' in version `bold'
(Font)                  U/euf/m/n --> U/euf/b/n on input line 106.
) (d:/texlive/2022/texmf-dist/tex/latex/algorithms/algorithm.sty
Package: algorithm 2009/08/24 v0.1 Document Style `algorithm' - floating environment
 (d:/texlive/2022/texmf-dist/tex/latex/float/float.sty
Package: float 2001/11/08 v1.3d Float enhancements (AL)
\c@float@type=\count278
\float@exts=\toks22
\float@box=\box54
\@float@everytoks=\toks23
\@floatcapt=\box55
) (d:/texlive/2022/texmf-dist/tex/latex/base/ifthen.sty
Package: ifthen 2020/11/24 v1.1c Standard LaTeX ifthen package (DPC)
)
\@float@every@algorithm=\toks24
\c@algorithm=\count279
) (d:/texlive/2022/texmf-dist/tex/latex/algorithmicx/algpseudocode.sty
Package: algpseudocode 
 (d:/texlive/2022/texmf-dist/tex/latex/algorithmicx/algorithmicx.sty
Package: algorithmicx 2005/04/27 v1.2 Algorithmicx

Document Style algorithmicx 1.2 - a greatly improved `algorithmic' style
\c@ALG@line=\count280
\c@ALG@rem=\count281
\c@ALG@nested=\count282
\ALG@tlm=\skip53
\ALG@thistlm=\skip54
\c@ALG@Lnr=\count283
\c@ALG@blocknr=\count284
\c@ALG@storecount=\count285
\c@ALG@tmpcounter=\count286
\ALG@tmplength=\skip55
)
Document Style - pseudocode environments for use with the `algorithmicx' style
) (d:/texlive/2022/texmf-dist/tex/latex/tools/array.sty
Package: array 2021/10/04 v2.5f Tabular extension package (FMi)
\col@sep=\dimen171
\ar@mcellbox=\box56
\extrarowheight=\dimen172
\NC@list=\toks25
\extratabsurround=\skip56
\backup@length=\skip57
\ar@cellbox=\box57
) (d:/texlive/2022/texmf-dist/tex/latex/subfig/subfig.sty
Package: subfig 2005/06/28 ver: 1.3 subfig package
 (d:/texlive/2022/texmf-dist/tex/latex/graphics/keyval.sty
Package: keyval 2014/10/28 v1.15 key=value parser (DPC)
\KV@toks@=\toks26
) (d:/texlive/2022/texmf-dist/tex/latex/caption/caption3.sty
Package: caption3 2022/03/17 v2.3b caption3 kernel (AR)
\caption@tempdima=\dimen173
\captionmargin=\dimen174
\caption@leftmargin=\dimen175
\caption@rightmargin=\dimen176
\caption@width=\dimen177
\caption@indent=\dimen178
\caption@parindent=\dimen179
\caption@hangindent=\dimen180
Package caption Info: Unknown document class (or package),
(caption)             standard defaults will be used.
Package caption Info: \@makecaption = \long macro:#1#2->\ifx \@captype \@IEEEtablestring \footnotesize \bgroup \par \centering \@IEEEtabletopskipstrut {\normalfont \footnotesize #1}\\{\normalfont \footnotesize \scshape #2}\par \addvspace {0.5\baselineskip }\egroup \@IEEEtablecaptionsepspace \else \@IEEEfigurecaptionsepspace \setbox \@tempboxa \hbox {\normalfont \footnotesize {#1.}\nobreakspace \nobreakspace #2}\ifdim \wd \@tempboxa >\hsize \setbox \@tempboxa \hbox {\normalfont \footnotesize {#1.}\nobreakspace \nobreakspace }\parbox [t]{\hsize }{\normalfont \footnotesize \noindent \unhbox \@tempboxa #2}\else \ifCLASSOPTIONconference \hbox to\hsize {\normalfont \footnotesize \hfil \box \@tempboxa \hfil }\else \hbox to\hsize {\normalfont \footnotesize \box \@tempboxa \hfil }\fi \fi \fi  on input line 1176.
)
\c@KVtest=\count287
\sf@farskip=\skip58
\sf@captopadj=\dimen181
\sf@capskip=\skip59
\sf@nearskip=\skip60
\c@subfigure=\count288
\c@subfigure@save=\count289
\c@lofdepth=\count290
\c@subtable=\count291
\c@subtable@save=\count292
\c@lotdepth=\count293
\sf@top=\skip61
\sf@bottom=\skip62
) (d:/texlive/2022/texmf-dist/tex/latex/base/textcomp.sty
Package: textcomp 2020/02/02 v2.0n Standard LaTeX package
) (d:/texlive/2022/texmf-dist/tex/latex/sttools/stfloats.sty
Package: stfloats 2017/03/27 v3.3 Improve float mechanism and baselineskip settings
\@dblbotnum=\count294
\c@dblbotnumber=\count295
) (d:/texlive/2022/texmf-dist/tex/latex/url/url.sty
\Urlmuskip=\muskip17
Package: url 2013/09/16  ver 3.4  Verb mode for urls, etc.
) (d:/texlive/2022/texmf-dist/tex/latex/tools/verbatim.sty
Package: verbatim 2020-07-07 v1.5u LaTeX2e package for verbatim enhancements
\every@verbatim=\toks27
\verbatim@line=\toks28
\verbatim@in@stream=\read2
) (d:/texlive/2022/texmf-dist/tex/latex/graphics/graphicx.sty
Package: graphicx 2021/09/16 v1.2d Enhanced LaTeX Graphics (DPC,SPQR)
 (d:/texlive/2022/texmf-dist/tex/latex/graphics/graphics.sty
Package: graphics 2021/03/04 v1.4d Standard LaTeX Graphics (DPC,SPQR)
 (d:/texlive/2022/texmf-dist/tex/latex/graphics/trig.sty
Package: trig 2021/08/11 v1.11 sin cos tan (DPC)
) (d:/texlive/2022/texmf-dist/tex/latex/graphics-cfg/graphics.cfg
File: graphics.cfg 2016/06/04 v1.11 sample graphics configuration
)
Package graphics Info: Driver file: pdftex.def on input line 107.
 (d:/texlive/2022/texmf-dist/tex/latex/graphics-def/pdftex.def
File: pdftex.def 2020/10/05 v1.2a Graphics/color driver for pdftex
))
\Gin@req@height=\dimen182
\Gin@req@width=\dimen183
) (d:/texlive/2022/texmf-dist/tex/latex/multirow/multirow.sty
Package: multirow 2021/03/15 v2.8 Span multiple rows of a table
\multirow@colwidth=\skip63
\multirow@cntb=\count296
\multirow@dima=\skip64
\bigstrutjot=\dimen184
) (d:/texlive/2022/texmf-dist/tex/latex/caption/subcaption.sty
Package: subcaption 2022/01/07 v1.5 Sub-captions (AR)
 (d:/texlive/2022/texmf-dist/tex/latex/caption/caption.sty
Package: caption 2022/03/01 v3.6b Customizing captions (AR)


Package caption Warning: Unknown document class (or package),
(caption)                standard defaults will be used.
See the caption package documentation for explanation.

\c@caption@flags=\count297
\c@continuedfloat=\count298
Package caption Info: float package is loaded.
)

d:/texlive/2022/texmf-dist/tex/latex/caption/subcaption.sty:66: Package subcaption Error: This package can't be used in cooperation
(subcaption)                with the subfig package.

See the subcaption package documentation for explanation.
Type  H <return>  for immediate help.
 ...                                              
                                                  
l.66 \subcaption@CheckCompatibility
                                   
If you do not understand this error, please take a closer look
at the documentation of the `subcaption' package, especially the
section about errors.
Try typing  <return>  to proceed.
If that doesn't work, type  X <return>  to quit.

) (d:/texlive/2022/texmf-dist/tex/latex/preprint/balance.sty
Package: balance 1999/02/23 4.3 (PWD)
\oldvsize=\dimen185
) (d:/texlive/2022/texmf-dist/tex/latex/l3backend/l3backend-pdftex.def
File: l3backend-pdftex.def 2022-02-07 L3 backend support: PDF output (pdfTeX)
\l__color_backend_stack_int=\count299
\l__pdf_internal_box=\box58
)

LaTeX Warning: Unused global option(s):
    [lettersize].

(./GraphCPP A Data-Driven System for Concurrent Point-to-Point Queries.aux)
\openout1 = `"GraphCPP A Data-Driven System for Concurrent Point-to-Point Queries.aux"'.

LaTeX Font Info:    Checking defaults for OML/cmm/m/it on input line 22.
LaTeX Font Info:    ... okay on input line 22.
LaTeX Font Info:    Checking defaults for OMS/cmsy/m/n on input line 22.
LaTeX Font Info:    ... okay on input line 22.
LaTeX Font Info:    Checking defaults for OT1/cmr/m/n on input line 22.
LaTeX Font Info:    ... okay on input line 22.
LaTeX Font Info:    Checking defaults for T1/cmr/m/n on input line 22.
LaTeX Font Info:    ... okay on input line 22.
LaTeX Font Info:    Checking defaults for TS1/cmr/m/n on input line 22.
LaTeX Font Info:    ... okay on input line 22.
LaTeX Font Info:    Checking defaults for OMX/cmex/m/n on input line 22.
LaTeX Font Info:    ... okay on input line 22.
LaTeX Font Info:    Checking defaults for U/cmr/m/n on input line 22.
LaTeX Font Info:    ... okay on input line 22.

-- Lines per column: 58 (exact).
Package caption Info: Begin \AtBeginDocument code.
Package caption Info: subfig package v1.3 is loaded.
Package caption Info: End \AtBeginDocument code.
(d:/texlive/2022/texmf-dist/tex/context/base/mkii/supp-pdf.mkii
[Loading MPS to PDF converter (version 2006.09.02).]
\scratchcounter=\count300
\scratchdimen=\dimen186
\scratchbox=\box59
\nofMPsegments=\count301
\nofMParguments=\count302
\everyMPshowfont=\toks29
\MPscratchCnt=\count303
\MPscratchDim=\dimen187
\MPnumerator=\count304
\makeMPintoPDFobject=\count305
\everyMPtoPDFconversion=\toks30
) (d:/texlive/2022/texmf-dist/tex/latex/epstopdf-pkg/epstopdf-base.sty
Package: epstopdf-base 2020-01-24 v2.11 Base part for package epstopdf
Package epstopdf-base Info: Redefining graphics rule for `.eps' on input line 485.
 (d:/texlive/2022/texmf-dist/tex/latex/latexconfig/epstopdf-sys.cfg
File: epstopdf-sys.cfg 2010/07/13 v1.3 Configuration of (r)epstopdf for TeX Live
))
LaTeX Font Info:    Trying to load font information for U+msa on input line 30.
 (d:/texlive/2022/texmf-dist/tex/latex/amsfonts/umsa.fd
File: umsa.fd 2013/01/14 v3.01 AMS symbols A
)
LaTeX Font Info:    Trying to load font information for U+msb on input line 30.
 (d:/texlive/2022/texmf-dist/tex/latex/amsfonts/umsb.fd
File: umsb.fd 2013/01/14 v3.01 AMS symbols B
)

e:/åç§‘å®éªŒå®¤è®ºæ–‡/MyDocument/å¹¶å‘ç‚¹å¯¹ç‚¹æŸ¥è¯¢/è®ºæ–‡è‰ç¨¿/GraphCPP A Data-Driven System for Concurrent Point-to-Point Queries.tex:42: LaTeX Error: Environment subfigure undefined.

See the LaTeX manual or LaTeX Companion for explanation.
Type  H <return>  for immediate help.
 ...                                              
                                                  
l.42     \begin{subfigure}
                          {.3\textwidth}
Your command was ignored.
Type  I <command> <return>  to replace it with another command,
or  <return>  to continue without it.

e:/åç§‘å®éªŒå®¤è®ºæ–‡/MyDocument/å¹¶å‘ç‚¹å¯¹ç‚¹æŸ¥è¯¢/è®ºæ–‡è‰ç¨¿/GraphCPP A Data-Driven System for Concurrent Point-to-Point Queries.tex:42: Missing number, treated as zero.
<to be read again> 
                   }
l.42     \begin{subfigure}{.3\textwidth}
                                        
A number should have been here; I inserted `0'.
(If you can't figure out why I needed to see a number,
look up `weird error' in the index to The TeXbook.)

e:/åç§‘å®éªŒå®¤è®ºæ–‡/MyDocument/å¹¶å‘ç‚¹å¯¹ç‚¹æŸ¥è¯¢/è®ºæ–‡è‰ç¨¿/GraphCPP A Data-Driven System for Concurrent Point-to-Point Queries.tex:42: Illegal unit of measure (pt inserted).
<to be read again> 
                   }
l.42     \begin{subfigure}{.3\textwidth}
                                        
Dimensions can be in units of em, ex, in, pt, pc,
cm, mm, dd, cc, nd, nc, bp, or sp; but yours is a new one!
I'll assume that you meant to say pt, for printer's points.
To recover gracefully from this error, it's best to
delete the erroneous units; e.g., type `2' to delete
two letters. (See Chapter 27 of The TeXbook.)


LaTeX Warning: File `image1.png' not found on input line 43.


e:/åç§‘å®éªŒå®¤è®ºæ–‡/MyDocument/å¹¶å‘ç‚¹å¯¹ç‚¹æŸ¥è¯¢/è®ºæ–‡è‰ç¨¿/GraphCPP A Data-Driven System for Concurrent Point-to-Point Queries.tex:43: Package pdftex.def Error: File `image1.png' not found: using draft setting.

See the pdftex.def package documentation for explanation.
Type  H <return>  for immediate help.
 ...                                              
                                                  
l.43 ...ludegraphics[width=\linewidth]{image1.png}
                                                  
Try typing  <return>  to proceed.
If that doesn't work, type  X <return>  to quit.

LaTeX Font Info:    Trying to load font information for OT1+pcr on input line 43.
(d:/texlive/2022/texmf-dist/tex/latex/psnfss/ot1pcr.fd
File: ot1pcr.fd 2001/06/04 font definitions for OT1/pcr.
)

e:/åç§‘å®éªŒå®¤è®ºæ–‡/MyDocument/å¹¶å‘ç‚¹å¯¹ç‚¹æŸ¥è¯¢/è®ºæ–‡è‰ç¨¿/GraphCPP A Data-Driven System for Concurrent Point-to-Point Queries.tex:46: LaTeX Error: \begin{figure*} on input line 40 ended by \end{subfigure}.

See the LaTeX manual or LaTeX Companion for explanation.
Type  H <return>  for immediate help.
 ...                                              
                                                  
l.46     \end{subfigure}
                        %
Your command was ignored.
Type  I <command> <return>  to replace it with another command,
or  <return>  to continue without it.


e:/åç§‘å®éªŒå®¤è®ºæ–‡/MyDocument/å¹¶å‘ç‚¹å¯¹ç‚¹æŸ¥è¯¢/è®ºæ–‡è‰ç¨¿/GraphCPP A Data-Driven System for Concurrent Point-to-Point Queries.tex:47: LaTeX Error: Environment subfigure undefined.

See the LaTeX manual or LaTeX Companion for explanation.
Type  H <return>  for immediate help.
 ...                                              
                                                  
l.47     \begin{subfigure}
                          {.3\textwidth}
Your command was ignored.
Type  I <command> <return>  to replace it with another command,
or  <return>  to continue without it.

e:/åç§‘å®éªŒå®¤è®ºæ–‡/MyDocument/å¹¶å‘ç‚¹å¯¹ç‚¹æŸ¥è¯¢/è®ºæ–‡è‰ç¨¿/GraphCPP A Data-Driven System for Concurrent Point-to-Point Queries.tex:47: Missing number, treated as zero.
<to be read again> 
                   }
l.47     \begin{subfigure}{.3\textwidth}
                                        
A number should have been here; I inserted `0'.
(If you can't figure out why I needed to see a number,
look up `weird error' in the index to The TeXbook.)

e:/åç§‘å®éªŒå®¤è®ºæ–‡/MyDocument/å¹¶å‘ç‚¹å¯¹ç‚¹æŸ¥è¯¢/è®ºæ–‡è‰ç¨¿/GraphCPP A Data-Driven System for Concurrent Point-to-Point Queries.tex:47: Illegal unit of measure (pt inserted).
<to be read again> 
                   }
l.47     \begin{subfigure}{.3\textwidth}
                                        
Dimensions can be in units of em, ex, in, pt, pc,
cm, mm, dd, cc, nd, nc, bp, or sp; but yours is a new one!
I'll assume that you meant to say pt, for printer's points.
To recover gracefully from this error, it's best to
delete the erroneous units; e.g., type `2' to delete
two letters. (See Chapter 27 of The TeXbook.)


LaTeX Warning: File `image2.png' not found on input line 48.


e:/åç§‘å®éªŒå®¤è®ºæ–‡/MyDocument/å¹¶å‘ç‚¹å¯¹ç‚¹æŸ¥è¯¢/è®ºæ–‡è‰ç¨¿/GraphCPP A Data-Driven System for Concurrent Point-to-Point Queries.tex:48: Package pdftex.def Error: File `image2.png' not found: using draft setting.

See the pdftex.def package documentation for explanation.
Type  H <return>  for immediate help.
 ...                                              
                                                  
l.48 ...ludegraphics[width=\linewidth]{image2.png}
                                                  
Try typing  <return>  to proceed.
If that doesn't work, type  X <return>  to quit.


e:/åç§‘å®éªŒå®¤è®ºæ–‡/MyDocument/å¹¶å‘ç‚¹å¯¹ç‚¹æŸ¥è¯¢/è®ºæ–‡è‰ç¨¿/GraphCPP A Data-Driven System for Concurrent Point-to-Point Queries.tex:51: LaTeX Error: \begin{figure*} on input line 40 ended by \end{subfigure}.

See the LaTeX manual or LaTeX Companion for explanation.
Type  H <return>  for immediate help.
 ...                                              
                                                  
l.51     \end{subfigure}
                        %
Your command was ignored.
Type  I <command> <return>  to replace it with another command,
or  <return>  to continue without it.


e:/åç§‘å®éªŒå®¤è®ºæ–‡/MyDocument/å¹¶å‘ç‚¹å¯¹ç‚¹æŸ¥è¯¢/è®ºæ–‡è‰ç¨¿/GraphCPP A Data-Driven System for Concurrent Point-to-Point Queries.tex:52: LaTeX Error: Environment subfigure undefined.

See the LaTeX manual or LaTeX Companion for explanation.
Type  H <return>  for immediate help.
 ...                                              
                                                  
l.52     \begin{subfigure}
                          {.3\textwidth}
Your command was ignored.
Type  I <command> <return>  to replace it with another command,
or  <return>  to continue without it.

e:/åç§‘å®éªŒå®¤è®ºæ–‡/MyDocument/å¹¶å‘ç‚¹å¯¹ç‚¹æŸ¥è¯¢/è®ºæ–‡è‰ç¨¿/GraphCPP A Data-Driven System for Concurrent Point-to-Point Queries.tex:52: Missing number, treated as zero.
<to be read again> 
                   }
l.52     \begin{subfigure}{.3\textwidth}
                                        
A number should have been here; I inserted `0'.
(If you can't figure out why I needed to see a number,
look up `weird error' in the index to The TeXbook.)

e:/åç§‘å®éªŒå®¤è®ºæ–‡/MyDocument/å¹¶å‘ç‚¹å¯¹ç‚¹æŸ¥è¯¢/è®ºæ–‡è‰ç¨¿/GraphCPP A Data-Driven System for Concurrent Point-to-Point Queries.tex:52: Illegal unit of measure (pt inserted).
<to be read again> 
                   }
l.52     \begin{subfigure}{.3\textwidth}
                                        
Dimensions can be in units of em, ex, in, pt, pc,
cm, mm, dd, cc, nd, nc, bp, or sp; but yours is a new one!
I'll assume that you meant to say pt, for printer's points.
To recover gracefully from this error, it's best to
delete the erroneous units; e.g., type `2' to delete
two letters. (See Chapter 27 of The TeXbook.)


LaTeX Warning: File `image3.png' not found on input line 53.


e:/åç§‘å®éªŒå®¤è®ºæ–‡/MyDocument/å¹¶å‘ç‚¹å¯¹ç‚¹æŸ¥è¯¢/è®ºæ–‡è‰ç¨¿/GraphCPP A Data-Driven System for Concurrent Point-to-Point Queries.tex:53: Package pdftex.def Error: File `image3.png' not found: using draft setting.

See the pdftex.def package documentation for explanation.
Type  H <return>  for immediate help.
 ...                                              
                                                  
l.53 ...ludegraphics[width=\linewidth]{image3.png}
                                                  
Try typing  <return>  to proceed.
If that doesn't work, type  X <return>  to quit.


e:/åç§‘å®éªŒå®¤è®ºæ–‡/MyDocument/å¹¶å‘ç‚¹å¯¹ç‚¹æŸ¥è¯¢/è®ºæ–‡è‰ç¨¿/GraphCPP A Data-Driven System for Concurrent Point-to-Point Queries.tex:56: LaTeX Error: \begin{figure*} on input line 40 ended by \end{subfigure}.

See the LaTeX manual or LaTeX Companion for explanation.
Type  H <return>  for immediate help.
 ...                                              
                                                  
l.56     \end{subfigure}
                        \\
Your command was ignored.
Type  I <command> <return>  to replace it with another command,
or  <return>  to continue without it.


e:/åç§‘å®éªŒå®¤è®ºæ–‡/MyDocument/å¹¶å‘ç‚¹å¯¹ç‚¹æŸ¥è¯¢/è®ºæ–‡è‰ç¨¿/GraphCPP A Data-Driven System for Concurrent Point-to-Point Queries.tex:56: LaTeX Error: There's no line here to end.

See the LaTeX manual or LaTeX Companion for explanation.
Type  H <return>  for immediate help.
 ...                                              
                                                  
l.56     \end{subfigure}\\
                          
Your command was ignored.
Type  I <command> <return>  to replace it with another command,
or  <return>  to continue without it.


e:/åç§‘å®éªŒå®¤è®ºæ–‡/MyDocument/å¹¶å‘ç‚¹å¯¹ç‚¹æŸ¥è¯¢/è®ºæ–‡è‰ç¨¿/GraphCPP A Data-Driven System for Concurrent Point-to-Point Queries.tex:57: LaTeX Error: Environment subfigure undefined.

See the LaTeX manual or LaTeX Companion for explanation.
Type  H <return>  for immediate help.
 ...                                              
                                                  
l.57     \begin{subfigure}
                          {.3\textwidth}
Your command was ignored.
Type  I <command> <return>  to replace it with another command,
or  <return>  to continue without it.

e:/åç§‘å®éªŒå®¤è®ºæ–‡/MyDocument/å¹¶å‘ç‚¹å¯¹ç‚¹æŸ¥è¯¢/è®ºæ–‡è‰ç¨¿/GraphCPP A Data-Driven System for Concurrent Point-to-Point Queries.tex:57: Missing number, treated as zero.
<to be read again> 
                   }
l.57     \begin{subfigure}{.3\textwidth}
                                        
A number should have been here; I inserted `0'.
(If you can't figure out why I needed to see a number,
look up `weird error' in the index to The TeXbook.)

e:/åç§‘å®éªŒå®¤è®ºæ–‡/MyDocument/å¹¶å‘ç‚¹å¯¹ç‚¹æŸ¥è¯¢/è®ºæ–‡è‰ç¨¿/GraphCPP A Data-Driven System for Concurrent Point-to-Point Queries.tex:57: Illegal unit of measure (pt inserted).
<to be read again> 
                   }
l.57     \begin{subfigure}{.3\textwidth}
                                        
Dimensions can be in units of em, ex, in, pt, pc,
cm, mm, dd, cc, nd, nc, bp, or sp; but yours is a new one!
I'll assume that you meant to say pt, for printer's points.
To recover gracefully from this error, it's best to
delete the erroneous units; e.g., type `2' to delete
two letters. (See Chapter 27 of The TeXbook.)


LaTeX Warning: File `image4.png' not found on input line 58.


e:/åç§‘å®éªŒå®¤è®ºæ–‡/MyDocument/å¹¶å‘ç‚¹å¯¹ç‚¹æŸ¥è¯¢/è®ºæ–‡è‰ç¨¿/GraphCPP A Data-Driven System for Concurrent Point-to-Point Queries.tex:58: Package pdftex.def Error: File `image4.png' not found: using draft setting.

See the pdftex.def package documentation for explanation.
Type  H <return>  for immediate help.
 ...                                              
                                                  
l.58 ...ludegraphics[width=\linewidth]{image4.png}
                                                  
Try typing  <return>  to proceed.
If that doesn't work, type  X <return>  to quit.


e:/åç§‘å®éªŒå®¤è®ºæ–‡/MyDocument/å¹¶å‘ç‚¹å¯¹ç‚¹æŸ¥è¯¢/è®ºæ–‡è‰ç¨¿/GraphCPP A Data-Driven System for Concurrent Point-to-Point Queries.tex:61: LaTeX Error: \begin{figure*} on input line 40 ended by \end{subfigure}.

See the LaTeX manual or LaTeX Companion for explanation.
Type  H <return>  for immediate help.
 ...                                              
                                                  
l.61     \end{subfigure}
                        %
Your command was ignored.
Type  I <command> <return>  to replace it with another command,
or  <return>  to continue without it.


e:/åç§‘å®éªŒå®¤è®ºæ–‡/MyDocument/å¹¶å‘ç‚¹å¯¹ç‚¹æŸ¥è¯¢/è®ºæ–‡è‰ç¨¿/GraphCPP A Data-Driven System for Concurrent Point-to-Point Queries.tex:62: LaTeX Error: Environment subfigure undefined.

See the LaTeX manual or LaTeX Companion for explanation.
Type  H <return>  for immediate help.
 ...                                              
                                                  
l.62     \begin{subfigure}
                          {.3\textwidth}
Your command was ignored.
Type  I <command> <return>  to replace it with another command,
or  <return>  to continue without it.

e:/åç§‘å®éªŒå®¤è®ºæ–‡/MyDocument/å¹¶å‘ç‚¹å¯¹ç‚¹æŸ¥è¯¢/è®ºæ–‡è‰ç¨¿/GraphCPP A Data-Driven System for Concurrent Point-to-Point Queries.tex:62: Missing number, treated as zero.
<to be read again> 
                   }
l.62     \begin{subfigure}{.3\textwidth}
                                        
A number should have been here; I inserted `0'.
(If you can't figure out why I needed to see a number,
look up `weird error' in the index to The TeXbook.)

e:/åç§‘å®éªŒå®¤è®ºæ–‡/MyDocument/å¹¶å‘ç‚¹å¯¹ç‚¹æŸ¥è¯¢/è®ºæ–‡è‰ç¨¿/GraphCPP A Data-Driven System for Concurrent Point-to-Point Queries.tex:62: Illegal unit of measure (pt inserted).
<to be read again> 
                   }
l.62     \begin{subfigure}{.3\textwidth}
                                        
Dimensions can be in units of em, ex, in, pt, pc,
cm, mm, dd, cc, nd, nc, bp, or sp; but yours is a new one!
I'll assume that you meant to say pt, for printer's points.
To recover gracefully from this error, it's best to
delete the erroneous units; e.g., type `2' to delete
two letters. (See Chapter 27 of The TeXbook.)


LaTeX Warning: File `image5.png' not found on input line 63.


e:/åç§‘å®éªŒå®¤è®ºæ–‡/MyDocument/å¹¶å‘ç‚¹å¯¹ç‚¹æŸ¥è¯¢/è®ºæ–‡è‰ç¨¿/GraphCPP A Data-Driven System for Concurrent Point-to-Point Queries.tex:63: Package pdftex.def Error: File `image5.png' not found: using draft setting.

See the pdftex.def package documentation for explanation.
Type  H <return>  for immediate help.
 ...                                              
                                                  
l.63 ...ludegraphics[width=\linewidth]{image5.png}
                                                  
Try typing  <return>  to proceed.
If that doesn't work, type  X <return>  to quit.


e:/åç§‘å®éªŒå®¤è®ºæ–‡/MyDocument/å¹¶å‘ç‚¹å¯¹ç‚¹æŸ¥è¯¢/è®ºæ–‡è‰ç¨¿/GraphCPP A Data-Driven System for Concurrent Point-to-Point Queries.tex:66: LaTeX Error: \begin{figure*} on input line 40 ended by \end{subfigure}.

See the LaTeX manual or LaTeX Companion for explanation.
Type  H <return>  for immediate help.
 ...                                              
                                                  
l.66     \end{subfigure}
                        %
Your command was ignored.
Type  I <command> <return>  to replace it with another command,
or  <return>  to continue without it.


e:/åç§‘å®éªŒå®¤è®ºæ–‡/MyDocument/å¹¶å‘ç‚¹å¯¹ç‚¹æŸ¥è¯¢/è®ºæ–‡è‰ç¨¿/GraphCPP A Data-Driven System for Concurrent Point-to-Point Queries.tex:67: LaTeX Error: Environment subfigure undefined.

See the LaTeX manual or LaTeX Companion for explanation.
Type  H <return>  for immediate help.
 ...                                              
                                                  
l.67     \begin{subfigure}
                          {.3\textwidth}
Your command was ignored.
Type  I <command> <return>  to replace it with another command,
or  <return>  to continue without it.

e:/åç§‘å®éªŒå®¤è®ºæ–‡/MyDocument/å¹¶å‘ç‚¹å¯¹ç‚¹æŸ¥è¯¢/è®ºæ–‡è‰ç¨¿/GraphCPP A Data-Driven System for Concurrent Point-to-Point Queries.tex:67: Missing number, treated as zero.
<to be read again> 
                   }
l.67     \begin{subfigure}{.3\textwidth}
                                        
A number should have been here; I inserted `0'.
(If you can't figure out why I needed to see a number,
look up `weird error' in the index to The TeXbook.)

e:/åç§‘å®éªŒå®¤è®ºæ–‡/MyDocument/å¹¶å‘ç‚¹å¯¹ç‚¹æŸ¥è¯¢/è®ºæ–‡è‰ç¨¿/GraphCPP A Data-Driven System for Concurrent Point-to-Point Queries.tex:67: Illegal unit of measure (pt inserted).
<to be read again> 
                   }
l.67     \begin{subfigure}{.3\textwidth}
                                        
Dimensions can be in units of em, ex, in, pt, pc,
cm, mm, dd, cc, nd, nc, bp, or sp; but yours is a new one!
I'll assume that you meant to say pt, for printer's points.
To recover gracefully from this error, it's best to
delete the erroneous units; e.g., type `2' to delete
two letters. (See Chapter 27 of The TeXbook.)


LaTeX Warning: File `image6.png' not found on input line 68.


e:/åç§‘å®éªŒå®¤è®ºæ–‡/MyDocument/å¹¶å‘ç‚¹å¯¹ç‚¹æŸ¥è¯¢/è®ºæ–‡è‰ç¨¿/GraphCPP A Data-Driven System for Concurrent Point-to-Point Queries.tex:68: Package pdftex.def Error: File `image6.png' not found: using draft setting.

See the pdftex.def package documentation for explanation.
Type  H <return>  for immediate help.
 ...                                              
                                                  
l.68 ...ludegraphics[width=\linewidth]{image6.png}
                                                  
Try typing  <return>  to proceed.
If that doesn't work, type  X <return>  to quit.


e:/åç§‘å®éªŒå®¤è®ºæ–‡/MyDocument/å¹¶å‘ç‚¹å¯¹ç‚¹æŸ¥è¯¢/è®ºæ–‡è‰ç¨¿/GraphCPP A Data-Driven System for Concurrent Point-to-Point Queries.tex:71: LaTeX Error: \begin{figure*} on input line 40 ended by \end{subfigure}.

See the LaTeX manual or LaTeX Companion for explanation.
Type  H <return>  for immediate help.
 ...                                              
                                                  
l.71     \end{subfigure}
                        %
Your command was ignored.
Type  I <command> <return>  to replace it with another command,
or  <return>  to continue without it.


LaTeX Warning: Float too large for page by 2580.11237pt on input line 74.


LaTeX Warning: Command \textrightarrow invalid in math mode on input line 92.

Package textcomp Info: Symbol \textrightarrow not provided by
(textcomp)             font family ptm in TS1 encoding.
(textcomp)             Default family used instead on input line 92.

LaTeX Warning: Command \textrightarrow invalid in math mode on input line 92.


LaTeX Warning: Command \textrightarrow invalid in math mode on input line 92.


LaTeX Warning: Command \textrightarrow invalid in math mode on input line 92.

Package textcomp Info: Symbol \textrightarrow not provided by
(textcomp)             font family ptm in TS1 encoding.
(textcomp)             Default family used instead on input line 92.

LaTeX Warning: Command \textrightarrow invalid in math mode on input line 92.


LaTeX Warning: Command \textrightarrow invalid in math mode on input line 92.


LaTeX Warning: Command \textrightarrow invalid in math mode on input line 92.

Package textcomp Info: Symbol \textrightarrow not provided by
(textcomp)             font family ptm in TS1 encoding.
(textcomp)             Default family used instead on input line 92.

LaTeX Warning: Command \textrightarrow invalid in math mode on input line 92.


LaTeX Warning: Command \textrightarrow invalid in math mode on input line 92.

[1{d:/texlive/2022/texmf-var/fonts/map/pdftex/updmap/pdftex.map}


]
<E:/åç§‘å®éªŒå®¤è®ºæ–‡/MyDocument/å¹¶å‘ç‚¹å¯¹ç‚¹æŸ¥è¯¢/è®ºæ–‡è‰ç¨¿/picture//system_compare.png, id=11, 426.84468pt x 161.85469pt>
File: E:/åç§‘å®éªŒå®¤è®ºæ–‡/MyDocument/å¹¶å‘ç‚¹å¯¹ç‚¹æŸ¥è¯¢/è®ºæ–‡è‰ç¨¿/picture//system_compare.png Graphic file (type png)
<use E:/åç§‘å®éªŒå®¤è®ºæ–‡/MyDocument/å¹¶å‘ç‚¹å¯¹ç‚¹æŸ¥è¯¢/è®ºæ–‡è‰ç¨¿/picture//system_compare.png>
Package pdftex.def Info: E:/åç§‘å®éªŒå®¤è®ºæ–‡/MyDocument/å¹¶å‘ç‚¹å¯¹ç‚¹æŸ¥è¯¢/è®ºæ–‡è‰ç¨¿/picture//system_compare.png  used on input line 111.
(pdftex.def)             Requested size: 516.0pt x 195.67435pt.

Underfull \hbox (badness 4072) in paragraph at lines 125--126
[]\OT1/ptm/m/n/10 Definition 5: ($\OML/cmm/m/it/10 Core []Subgraph$\OT1/ptm/m/n/10 ) We use $\OML/cmm/m/it/10 G[] \OT1/cmr/m/n/10 =
 []

[2]
Underfull \hbox (badness 2426) in paragraph at lines 129--129
 \OT1/ptm/m/it/10 B. Per-for-mance Bot-tle-necks in Con-cur-rent Point-to-Point
 []

[3]

e:/åç§‘å®éªŒå®¤è®ºæ–‡/MyDocument/å¹¶å‘ç‚¹å¯¹ç‚¹æŸ¥è¯¢/è®ºæ–‡è‰ç¨¿/GraphCPP A Data-Driven System for Concurrent Point-to-Point Queries.tex:158: LaTeX Error: Unicode character å (U+534E)
               not set up for use with LaTeX.

See the LaTeX manual or LaTeX Companion for explanation.
Type  H <return>  for immediate help.
 ...                                              
                                                  
l.158 \includegraphics[width=3.5in]{ç³»ç»Ÿæ¶æ„}
                                                 
You may provide a definition with
\DeclareUnicodeCharacter 


e:/åç§‘å®éªŒå®¤è®ºæ–‡/MyDocument/å¹¶å‘ç‚¹å¯¹ç‚¹æŸ¥è¯¢/è®ºæ–‡è‰ç¨¿/GraphCPP A Data-Driven System for Concurrent Point-to-Point Queries.tex:158: LaTeX Error: Unicode character ç§‘ (U+79D1)
               not set up for use with LaTeX.

See the LaTeX manual or LaTeX Companion for explanation.
Type  H <return>  for immediate help.
 ...                                              
                                                  
l.158 \includegraphics[width=3.5in]{ç³»ç»Ÿæ¶æ„}
                                                 
You may provide a definition with
\DeclareUnicodeCharacter 


e:/åç§‘å®éªŒå®¤è®ºæ–‡/MyDocument/å¹¶å‘ç‚¹å¯¹ç‚¹æŸ¥è¯¢/è®ºæ–‡è‰ç¨¿/GraphCPP A Data-Driven System for Concurrent Point-to-Point Queries.tex:158: LaTeX Error: Unicode character å® (U+5B9E)
               not set up for use with LaTeX.

See the LaTeX manual or LaTeX Companion for explanation.
Type  H <return>  for immediate help.
 ...                                              
                                                  
l.158 \includegraphics[width=3.5in]{ç³»ç»Ÿæ¶æ„}
                                                 
You may provide a definition with
\DeclareUnicodeCharacter 


e:/åç§‘å®éªŒå®¤è®ºæ–‡/MyDocument/å¹¶å‘ç‚¹å¯¹ç‚¹æŸ¥è¯¢/è®ºæ–‡è‰ç¨¿/GraphCPP A Data-Driven System for Concurrent Point-to-Point Queries.tex:158: LaTeX Error: Unicode character éªŒ (U+9A8C)
               not set up for use with LaTeX.

See the LaTeX manual or LaTeX Companion for explanation.
Type  H <return>  for immediate help.
 ...                                              
                                                  
l.158 \includegraphics[width=3.5in]{ç³»ç»Ÿæ¶æ„}
                                                 
You may provide a definition with
\DeclareUnicodeCharacter 


e:/åç§‘å®éªŒå®¤è®ºæ–‡/MyDocument/å¹¶å‘ç‚¹å¯¹ç‚¹æŸ¥è¯¢/è®ºæ–‡è‰ç¨¿/GraphCPP A Data-Driven System for Concurrent Point-to-Point Queries.tex:158: LaTeX Error: Unicode character å®¤ (U+5BA4)
               not set up for use with LaTeX.

See the LaTeX manual or LaTeX Companion for explanation.
Type  H <return>  for immediate help.
 ...                                              
                                                  
l.158 \includegraphics[width=3.5in]{ç³»ç»Ÿæ¶æ„}
                                                 
You may provide a definition with
\DeclareUnicodeCharacter 


e:/åç§‘å®éªŒå®¤è®ºæ–‡/MyDocument/å¹¶å‘ç‚¹å¯¹ç‚¹æŸ¥è¯¢/è®ºæ–‡è‰ç¨¿/GraphCPP A Data-Driven System for Concurrent Point-to-Point Queries.tex:158: LaTeX Error: Unicode character è®º (U+8BBA)
               not set up for use with LaTeX.

See the LaTeX manual or LaTeX Companion for explanation.
Type  H <return>  for immediate help.
 ...                                              
                                                  
l.158 \includegraphics[width=3.5in]{ç³»ç»Ÿæ¶æ„}
                                                 
You may provide a definition with
\DeclareUnicodeCharacter 


e:/åç§‘å®éªŒå®¤è®ºæ–‡/MyDocument/å¹¶å‘ç‚¹å¯¹ç‚¹æŸ¥è¯¢/è®ºæ–‡è‰ç¨¿/GraphCPP A Data-Driven System for Concurrent Point-to-Point Queries.tex:158: LaTeX Error: Unicode character æ–‡ (U+6587)
               not set up for use with LaTeX.

See the LaTeX manual or LaTeX Companion for explanation.
Type  H <return>  for immediate help.
 ...                                              
                                                  
l.158 \includegraphics[width=3.5in]{ç³»ç»Ÿæ¶æ„}
                                                 
You may provide a definition with
\DeclareUnicodeCharacter 


e:/åç§‘å®éªŒå®¤è®ºæ–‡/MyDocument/å¹¶å‘ç‚¹å¯¹ç‚¹æŸ¥è¯¢/è®ºæ–‡è‰ç¨¿/GraphCPP A Data-Driven System for Concurrent Point-to-Point Queries.tex:158: LaTeX Error: Unicode character å¹¶ (U+5E76)
               not set up for use with LaTeX.

See the LaTeX manual or LaTeX Companion for explanation.
Type  H <return>  for immediate help.
 ...                                              
                                                  
l.158 \includegraphics[width=3.5in]{ç³»ç»Ÿæ¶æ„}
                                                 
You may provide a definition with
\DeclareUnicodeCharacter 


e:/åç§‘å®éªŒå®¤è®ºæ–‡/MyDocument/å¹¶å‘ç‚¹å¯¹ç‚¹æŸ¥è¯¢/è®ºæ–‡è‰ç¨¿/GraphCPP A Data-Driven System for Concurrent Point-to-Point Queries.tex:158: LaTeX Error: Unicode character å‘ (U+53D1)
               not set up for use with LaTeX.

See the LaTeX manual or LaTeX Companion for explanation.
Type  H <return>  for immediate help.
 ...                                              
                                                  
l.158 \includegraphics[width=3.5in]{ç³»ç»Ÿæ¶æ„}
                                                 
You may provide a definition with
\DeclareUnicodeCharacter 


e:/åç§‘å®éªŒå®¤è®ºæ–‡/MyDocument/å¹¶å‘ç‚¹å¯¹ç‚¹æŸ¥è¯¢/è®ºæ–‡è‰ç¨¿/GraphCPP A Data-Driven System for Concurrent Point-to-Point Queries.tex:158: LaTeX Error: Unicode character ç‚¹ (U+70B9)
               not set up for use with LaTeX.

See the LaTeX manual or LaTeX Companion for explanation.
Type  H <return>  for immediate help.
 ...                                              
                                                  
l.158 \includegraphics[width=3.5in]{ç³»ç»Ÿæ¶æ„}
                                                 
You may provide a definition with
\DeclareUnicodeCharacter 


e:/åç§‘å®éªŒå®¤è®ºæ–‡/MyDocument/å¹¶å‘ç‚¹å¯¹ç‚¹æŸ¥è¯¢/è®ºæ–‡è‰ç¨¿/GraphCPP A Data-Driven System for Concurrent Point-to-Point Queries.tex:158: LaTeX Error: Unicode character å¯¹ (U+5BF9)
               not set up for use with LaTeX.

See the LaTeX manual or LaTeX Companion for explanation.
Type  H <return>  for immediate help.
 ...                                              
                                                  
l.158 \includegraphics[width=3.5in]{ç³»ç»Ÿæ¶æ„}
                                                 
You may provide a definition with
\DeclareUnicodeCharacter 


e:/åç§‘å®éªŒå®¤è®ºæ–‡/MyDocument/å¹¶å‘ç‚¹å¯¹ç‚¹æŸ¥è¯¢/è®ºæ–‡è‰ç¨¿/GraphCPP A Data-Driven System for Concurrent Point-to-Point Queries.tex:158: LaTeX Error: Unicode character ç‚¹ (U+70B9)
               not set up for use with LaTeX.

See the LaTeX manual or LaTeX Companion for explanation.
Type  H <return>  for immediate help.
 ...                                              
                                                  
l.158 \includegraphics[width=3.5in]{ç³»ç»Ÿæ¶æ„}
                                                 
You may provide a definition with
\DeclareUnicodeCharacter 


e:/åç§‘å®éªŒå®¤è®ºæ–‡/MyDocument/å¹¶å‘ç‚¹å¯¹ç‚¹æŸ¥è¯¢/è®ºæ–‡è‰ç¨¿/GraphCPP A Data-Driven System for Concurrent Point-to-Point Queries.tex:158: LaTeX Error: Unicode character æŸ¥ (U+67E5)
               not set up for use with LaTeX.

See the LaTeX manual or LaTeX Companion for explanation.
Type  H <return>  for immediate help.
 ...                                              
                                                  
l.158 \includegraphics[width=3.5in]{ç³»ç»Ÿæ¶æ„}
                                                 
You may provide a definition with
\DeclareUnicodeCharacter 


e:/åç§‘å®éªŒå®¤è®ºæ–‡/MyDocument/å¹¶å‘ç‚¹å¯¹ç‚¹æŸ¥è¯¢/è®ºæ–‡è‰ç¨¿/GraphCPP A Data-Driven System for Concurrent Point-to-Point Queries.tex:158: LaTeX Error: Unicode character è¯¢ (U+8BE2)
               not set up for use with LaTeX.

See the LaTeX manual or LaTeX Companion for explanation.
Type  H <return>  for immediate help.
 ...                                              
                                                  
l.158 \includegraphics[width=3.5in]{ç³»ç»Ÿæ¶æ„}
                                                 
You may provide a definition with
\DeclareUnicodeCharacter 


e:/åç§‘å®éªŒå®¤è®ºæ–‡/MyDocument/å¹¶å‘ç‚¹å¯¹ç‚¹æŸ¥è¯¢/è®ºæ–‡è‰ç¨¿/GraphCPP A Data-Driven System for Concurrent Point-to-Point Queries.tex:158: LaTeX Error: Unicode character è®º (U+8BBA)
               not set up for use with LaTeX.

See the LaTeX manual or LaTeX Companion for explanation.
Type  H <return>  for immediate help.
 ...                                              
                                                  
l.158 \includegraphics[width=3.5in]{ç³»ç»Ÿæ¶æ„}
                                                 
You may provide a definition with
\DeclareUnicodeCharacter 


e:/åç§‘å®éªŒå®¤è®ºæ–‡/MyDocument/å¹¶å‘ç‚¹å¯¹ç‚¹æŸ¥è¯¢/è®ºæ–‡è‰ç¨¿/GraphCPP A Data-Driven System for Concurrent Point-to-Point Queries.tex:158: LaTeX Error: Unicode character æ–‡ (U+6587)
               not set up for use with LaTeX.

See the LaTeX manual or LaTeX Companion for explanation.
Type  H <return>  for immediate help.
 ...                                              
                                                  
l.158 \includegraphics[width=3.5in]{ç³»ç»Ÿæ¶æ„}
                                                 
You may provide a definition with
\DeclareUnicodeCharacter 


e:/åç§‘å®éªŒå®¤è®ºæ–‡/MyDocument/å¹¶å‘ç‚¹å¯¹ç‚¹æŸ¥è¯¢/è®ºæ–‡è‰ç¨¿/GraphCPP A Data-Driven System for Concurrent Point-to-Point Queries.tex:158: LaTeX Error: Unicode character è‰ (U+8349)
               not set up for use with LaTeX.

See the LaTeX manual or LaTeX Companion for explanation.
Type  H <return>  for immediate help.
 ...                                              
                                                  
l.158 \includegraphics[width=3.5in]{ç³»ç»Ÿæ¶æ„}
                                                 
You may provide a definition with
\DeclareUnicodeCharacter 


e:/åç§‘å®éªŒå®¤è®ºæ–‡/MyDocument/å¹¶å‘ç‚¹å¯¹ç‚¹æŸ¥è¯¢/è®ºæ–‡è‰ç¨¿/GraphCPP A Data-Driven System for Concurrent Point-to-Point Queries.tex:158: LaTeX Error: Unicode character ç¨¿ (U+7A3F)
               not set up for use with LaTeX.

See the LaTeX manual or LaTeX Companion for explanation.
Type  H <return>  for immediate help.
 ...                                              
                                                  
l.158 \includegraphics[width=3.5in]{ç³»ç»Ÿæ¶æ„}
                                                 
You may provide a definition with
\DeclareUnicodeCharacter 

Missing character: There is no ç in font ptmr7t!
Missing character: There is no ³ in font ptmr7t!
Missing character: There is no » in font ptmr7t!
Missing character: There is no ç in font ptmr7t!
Missing character: There is no » in font ptmr7t!
Missing character: There is no Ÿ in font ptmr7t!
Missing character: There is no æ in font ptmr7t!
Missing character: There is no  in font ptmr7t!
Missing character: There is no ¶ in font ptmr7t!
Missing character: There is no æ in font ptmr7t!
Missing character: There is no  in font ptmr7t!
Missing character: There is no „ in font ptmr7t!
<E:/åç§‘å®éªŒå®¤è®ºæ–‡/MyDocument/å¹¶å‘ç‚¹å¯¹ç‚¹æŸ¥è¯¢/è®ºæ–‡è‰ç¨¿/picture//ç³»ç»Ÿæ¶æ„.png, id=24, 993.7125pt x 680.5425pt>
File: E:/åç§‘å®éªŒå®¤è®ºæ–‡/MyDocument/å¹¶å‘ç‚¹å¯¹ç‚¹æŸ¥è¯¢/è®ºæ–‡è‰ç¨¿/picture//ç³»ç»Ÿæ¶æ„.png Graphic file (type png)
<use E:/åç§‘å®éªŒå®¤è®ºæ–‡/MyDocument/å¹¶å‘ç‚¹å¯¹ç‚¹æŸ¥è¯¢/è®ºæ–‡è‰ç¨¿/picture//ç³»ç»Ÿæ¶æ„.png>
Package pdftex.def Info: E:/åç§‘å®éªŒå®¤è®ºæ–‡/MyDocument/å¹¶å‘ç‚¹å¯¹ç‚¹æŸ¥è¯¢/è®ºæ–‡è‰ç¨¿/picture//ç³»ç»Ÿæ¶æ„.png  used on input line 158.
(pdftex.def)             Requested size: 252.94499pt x 173.2297pt.

Overfull \hbox (0.94499pt too wide) in paragraph at lines 158--159
 [] 
 []

[4]

LaTeX Warning: Command \textrightarrow invalid in math mode on input line 193.

Package textcomp Info: Symbol \textrightarrow not provided by
(textcomp)             font family ptm in TS1 encoding.
(textcomp)             Default family used instead on input line 193.

LaTeX Warning: Command \textrightarrow invalid in math mode on input line 193.


LaTeX Warning: Command \textrightarrow invalid in math mode on input line 193.


LaTeX Warning: Command \textrightarrow invalid in math mode on input line 193.

Package textcomp Info: Symbol \textrightarrow not provided by
(textcomp)             font family ptm in TS1 encoding.
(textcomp)             Default family used instead on input line 193.

LaTeX Warning: Command \textrightarrow invalid in math mode on input line 193.


LaTeX Warning: Command \textrightarrow invalid in math mode on input line 193.

[5]
Underfull \hbox (badness 10000) in paragraph at lines 249--250
[]$\OML/cmm/m/it/10 core[]subgraph[]index \OMS/cmsy/m/n/10  
 []


Overfull \hbox (82.9598pt too wide) in paragraph at lines 257--258
[] $[]\OT1/cmr/m/n/10 (\OML/cmm/m/it/10 vertex; core[]subgraph[]index\OT1/cmr/m/n/10 )$ 
 []


Underfull \hbox (badness 10000) in paragraph at lines 259--260
[] \OT1/ptm/b/n/10 for \OT1/ptm/m/n/10 each $\OML/cmm/m/it/10 nbr$ \OT1/ptm/m/n/10 in
 []

[6] [7] [8] [9]
<E:/åç§‘å®éªŒå®¤è®ºæ–‡/MyDocument/å¹¶å‘ç‚¹å¯¹ç‚¹æŸ¥è¯¢/è®ºæ–‡è‰ç¨¿/picture//fig1.png, id=44, 188.20313pt x 173.89969pt>
File: E:/åç§‘å®éªŒå®¤è®ºæ–‡/MyDocument/å¹¶å‘ç‚¹å¯¹ç‚¹æŸ¥è¯¢/è®ºæ–‡è‰ç¨¿/picture//fig1.png Graphic file (type png)
<use E:/åç§‘å®éªŒå®¤è®ºæ–‡/MyDocument/å¹¶å‘ç‚¹å¯¹ç‚¹æŸ¥è¯¢/è®ºæ–‡è‰ç¨¿/picture//fig1.png>
Package pdftex.def Info: E:/åç§‘å®éªŒå®¤è®ºæ–‡/MyDocument/å¹¶å‘ç‚¹å¯¹ç‚¹æŸ¥è¯¢/è®ºæ–‡è‰ç¨¿/picture//fig1.png  used on input line 374.
(pdftex.def)             Requested size: 72.27031pt x 66.77777pt.
File: E:/åç§‘å®éªŒå®¤è®ºæ–‡/MyDocument/å¹¶å‘ç‚¹å¯¹ç‚¹æŸ¥è¯¢/è®ºæ–‡è‰ç¨¿/picture//fig1.png Graphic file (type png)
<use E:/åç§‘å®éªŒå®¤è®ºæ–‡/MyDocument/å¹¶å‘ç‚¹å¯¹ç‚¹æŸ¥è¯¢/è®ºæ–‡è‰ç¨¿/picture//fig1.png>
Package pdftex.def Info: E:/åç§‘å®éªŒå®¤è®ºæ–‡/MyDocument/å¹¶å‘ç‚¹å¯¹ç‚¹æŸ¥è¯¢/è®ºæ–‡è‰ç¨¿/picture//fig1.png  used on input line 374.
(pdftex.def)             Requested size: 72.27031pt x 66.77777pt.
 [10 <e:/åç§‘å®éªŒå®¤è®ºæ–‡/MyDocument/å¹¶å‘ç‚¹å¯¹ç‚¹æŸ¥è¯¢/è®ºæ–‡è‰ç¨¿/picture//fig1.png>] [11] [12 <e:/åç§‘å®éªŒå®¤è®ºæ–‡/MyDocument/å¹¶å‘ç‚¹å¯¹ç‚¹æŸ¥è¯¢/è®ºæ–‡è‰ç¨¿/picture//system_compare.png>] [13


 <e:/åç§‘å®éªŒå®¤è®ºæ–‡/MyDocument/å¹¶å‘ç‚¹å¯¹ç‚¹æŸ¥è¯¢/è®ºæ–‡è‰ç¨¿/picture//ç³»ç»Ÿæ¶æ„.png>] (./GraphCPP A Data-Driven System for Concurrent Point-to-Point Queries.aux)

LaTeX Warning: Label(s) may have changed. Rerun to get cross-references right.

 ) 
Here is how much of TeX's memory you used:
 5817 strings out of 478268
 104191 string characters out of 5850345
 413125 words of memory out of 5000000
 23924 multiletter control sequences out of 15000+600000
 515195 words of font info for 111 fonts, out of 8000000 for 9000
 1145 hyphenation exceptions out of 8191
 55i,10n,63p,2553b,386s stack positions out of 10000i,1000n,20000p,200000b,200000s
{d:/texlive/2022/texmf-dist/fonts/enc/dvips/base/8r.enc}<d:/texlive/2022/texmf-dist/fonts/type1/public/amsfonts/cm/cmmi10.pfb><d:/texlive/2022/texmf-dist/fonts/type1/public/amsfonts/cm/cmmi5.pfb><d:/texlive/2022/texmf-dist/fonts/type1/public/amsfonts/cm/cmmi7.pfb><d:/texlive/2022/texmf-dist/fonts/type1/public/amsfonts/cm/cmr10.pfb><d:/texlive/2022/texmf-dist/fonts/type1/public/amsfonts/cm/cmr7.pfb><d:/texlive/2022/texmf-dist/fonts/type1/public/amsfonts/cm/cmsy10.pfb><d:/texlive/2022/texmf-dist/fonts/type1/public/amsfonts/cm/cmsy7.pfb><d:/texlive/2022/texmf-dist/fonts/type1/urw/courier/ucrr8a.pfb><d:/texlive/2022/texmf-dist/fonts/type1/urw/times/utmb8a.pfb><d:/texlive/2022/texmf-dist/fonts/type1/urw/times/utmbi8a.pfb><d:/texlive/2022/texmf-dist/fonts/type1/urw/times/utmr8a.pfb><d:/texlive/2022/texmf-dist/fonts/type1/urw/times/utmri8a.pfb>
Output written on "GraphCPP A Data-Driven System for Concurrent Point-to-Point Queries.pdf" (13 pages, 4370375 bytes).
PDF statistics:
 114 PDF objects out of 1000 (max. 8388607)
 69 compressed objects within 1 object stream
 0 named destinations out of 1000 (max. 500000)
 28 words of extra memory for PDF output out of 10000 (max. 10000000)

